#
# There is insufficient memory for the Java Runtime Environment to continue.
# Native memory allocation (malloc) failed to allocate 14774680 bytes. Error detail: Chunk::new
# Possible reasons:
#   The system is out of physical RAM or swap space
#   This process is running with CompressedOops enabled, and the Java Heap may be blocking the growth of the native heap
# Possible solutions:
#   Reduce memory load on the system
#   Increase physical memory or swap space
#   Check if swap backing store is full
#   Decrease Java heap size (-Xmx/-Xms)
#   Decrease number of Java threads
#   Decrease Java thread stack sizes (-Xss)
#   Set larger code cache with -XX:ReservedCodeCacheSize=
#   JVM is running with Unscaled Compressed Oops mode in which the Java heap is
#     placed in the first 4GB address space. The Java Heap base address is the
#     maximum limit for the native heap growth. Please use -XX:HeapBaseMinAddress
#     to set the Java Heap base and to place the Java Heap above 4GB virtual address.
# This output file may be truncated or incomplete.
#
#  Out of Memory Error (arena.cpp:186), pid=31688, tid=29804
#
# JRE version: OpenJDK Runtime Environment (25.0+36) (build 25+36-3489)
# Java VM: OpenJDK 64-Bit Server VM (25+36-3489, mixed mode, sharing, tiered, compressed oops, compressed class ptrs, g1 gc, windows-amd64)
# No core dump will be written. Minidumps are not enabled by default on client versions of Windows
#

---------------  S U M M A R Y ------------

Command Line: --add-opens=java.base/java.lang=ALL-UNNAMED --add-opens=java.base/java.lang.invoke=ALL-UNNAMED --add-opens=java.base/java.util=ALL-UNNAMED --add-opens=java.prefs/java.util.prefs=ALL-UNNAMED --add-exports=jdk.compiler/com.sun.tools.javac.api=ALL-UNNAMED --add-exports=jdk.compiler/com.sun.tools.javac.util=ALL-UNNAMED --add-opens=java.base/java.util=ALL-UNNAMED --add-opens=java.prefs/java.util.prefs=ALL-UNNAMED --add-opens=java.base/java.nio.charset=ALL-UNNAMED --add-opens=java.base/java.net=ALL-UNNAMED --add-opens=java.base/java.util.concurrent=ALL-UNNAMED --add-opens=java.base/java.util.concurrent.atomic=ALL-UNNAMED --add-opens=java.xml/javax.xml.namespace=ALL-UNNAMED --add-opens=java.base/java.time=ALL-UNNAMED --enable-native-access=ALL-UNNAMED -XX:MaxMetaspaceSize=384m -XX:+HeapDumpOnOutOfMemoryError -Xms256m -Xmx512m -Dfile.encoding=UTF-8 -Duser.country=ES -Duser.language=es -Duser.variant -javaagent:C:\Users\pauet\.gradle\wrapper\dists\gradle-9.2.0-bin\11i5gvueggl8a5cioxuftxrik\gradle-9.2.0\lib\agents\gradle-instrumentation-agent-9.2.0.jar org.gradle.launcher.daemon.bootstrap.GradleDaemon 9.2.0

Host: Intel(R) Core(TM) Ultra 5 125H, 18 cores, 15G,  Windows 11 , 64 bit Build 26100 (10.0.26100.7309)
Time: Tue Jan 13 10:28:57 2026 Hora estándar romance elapsed time: 4.559290 seconds (0d 0h 0m 4s)

---------------  T H R E A D  ---------------

Current thread (0x0000029eaa911240):  JavaThread "C2 CompilerThread0" daemon [_thread_in_native, id=29804, stack(0x000000cd21f00000,0x000000cd22000000) (1024K)]


Current CompileTask:
C2:4559 3031   !   4       java.lang.ClassLoader::loadClass (121 bytes)

Stack: [0x000000cd21f00000,0x000000cd22000000]
Native frames: (J=compiled Java code, j=interpreted, Vv=VM code, C=native code)
V  [jvm.dll+0x7a6a39]  (no source info available)
V  [jvm.dll+0x7727ed]  (no source info available)
V  [jvm.dll+0x965f33]  (no source info available)
V  [jvm.dll+0x968531]  (no source info available)
V  [jvm.dll+0x968c33]  (no source info available)
V  [jvm.dll+0x2fc756]  (no source info available)
V  [jvm.dll+0x111b26]  (no source info available)
V  [jvm.dll+0x111e4e]  (no source info available)
V  [jvm.dll+0x1a0a22]  (no source info available)
V  [jvm.dll+0x3b53c2]  (no source info available)
V  [jvm.dll+0x7ac3cf]  (no source info available)
V  [jvm.dll+0x2c0ac7]  (no source info available)
V  [jvm.dll+0x2bfa8f]  (no source info available)
V  [jvm.dll+0x237b60]  (no source info available)
V  [jvm.dll+0x2cfb56]  (no source info available)
V  [jvm.dll+0x2cddd5]  (no source info available)
V  [jvm.dll+0x48e671]  (no source info available)
V  [jvm.dll+0x90681d]  (no source info available)
V  [jvm.dll+0x7a5015]  (no source info available)
C  [ucrtbase.dll+0x37b0]  (no source info available)
C  [KERNEL32.DLL+0x2e8d7]  (no source info available)
C  [ntdll.dll+0x8c53c]  (no source info available)

Lock stack of current Java thread (top to bottom):


---------------  P R O C E S S  ---------------

Threads class SMR info:
_java_thread_list=0x0000029eb1fc13b0, length=28, elements={
0x0000029e8ccbe660, 0x0000029eaa9033b0, 0x0000029eaa904b80, 0x0000029eaa909940,
0x0000029eaa90a850, 0x0000029eaa90dfd0, 0x0000029eaa913b20, 0x0000029eaa911240,
0x0000029eaa949af0, 0x0000029eaa9ae3e0, 0x0000029eaa8e2370, 0x0000029eaaa1e830,
0x0000029eaaa1d890, 0x0000029eaac39db0, 0x0000029eafd92540, 0x0000029eafd8fe30,
0x0000029eafd91d70, 0x0000029eb0a02720, 0x0000029eb0a04660, 0x0000029eb0a05dd0,
0x0000029eb0a02ef0, 0x0000029eb0a04e30, 0x0000029eb0a03e90, 0x0000029eb0a084e0,
0x0000029eb0ecbcc0, 0x0000029eb0eca550, 0x0000029eb0ecd430, 0x0000029eaf1563e0
}

Java Threads: ( => current thread )
  0x0000029e8ccbe660 JavaThread "main"                              [_thread_blocked, id=6172, stack(0x000000cd21100000,0x000000cd21200000) (1024K)]
  0x0000029eaa9033b0 JavaThread "Reference Handler"          daemon [_thread_blocked, id=25992, stack(0x000000cd21900000,0x000000cd21a00000) (1024K)]
  0x0000029eaa904b80 JavaThread "Finalizer"                  daemon [_thread_blocked, id=23392, stack(0x000000cd21a00000,0x000000cd21b00000) (1024K)]
  0x0000029eaa909940 JavaThread "Signal Dispatcher"          daemon [_thread_blocked, id=21692, stack(0x000000cd21b00000,0x000000cd21c00000) (1024K)]
  0x0000029eaa90a850 JavaThread "Attach Listener"            daemon [_thread_blocked, id=18008, stack(0x000000cd21c00000,0x000000cd21d00000) (1024K)]
  0x0000029eaa90dfd0 JavaThread "Service Thread"             daemon [_thread_blocked, id=17288, stack(0x000000cd21d00000,0x000000cd21e00000) (1024K)]
  0x0000029eaa913b20 JavaThread "Monitor Deflation Thread"   daemon [_thread_blocked, id=20728, stack(0x000000cd21e00000,0x000000cd21f00000) (1024K)]
=>0x0000029eaa911240 JavaThread "C2 CompilerThread0"         daemon [_thread_in_native, id=29804, stack(0x000000cd21f00000,0x000000cd22000000) (1024K)]
  0x0000029eaa949af0 JavaThread "C1 CompilerThread0"         daemon [_thread_blocked, id=7292, stack(0x000000cd22000000,0x000000cd22100000) (1024K)]
  0x0000029eaa9ae3e0 JavaThread "C1 CompilerThread1"         daemon [_thread_blocked, id=16216, stack(0x000000cd22100000,0x000000cd22200000) (1024K)]
  0x0000029eaa8e2370 JavaThread "C1 CompilerThread2"         daemon [_thread_blocked, id=20840, stack(0x000000cd22200000,0x000000cd22300000) (1024K)]
  0x0000029eaaa1e830 JavaThread "Common-Cleaner"             daemon [_thread_blocked, id=29624, stack(0x000000cd22400000,0x000000cd22500000) (1024K)]
  0x0000029eaaa1d890 JavaThread "Notification Thread"        daemon [_thread_blocked, id=20744, stack(0x000000cd22500000,0x000000cd22600000) (1024K)]
  0x0000029eaac39db0 JavaThread "C2 CompilerThread1"         daemon [_thread_in_native, id=13864, stack(0x000000cd22600000,0x000000cd22700000) (1024K)]
  0x0000029eafd92540 JavaThread "Daemon health stats"               [_thread_blocked, id=1992, stack(0x000000cd22f00000,0x000000cd23000000) (1024K)]
  0x0000029eafd8fe30 JavaThread "Incoming local TCP Connector on port 56125"        [_thread_in_native, id=13520, stack(0x000000cd23000000,0x000000cd23100000) (1024K)]
  0x0000029eafd91d70 JavaThread "Daemon periodic checks"            [_thread_blocked, id=4276, stack(0x000000cd23100000,0x000000cd23200000) (1024K)]
  0x0000029eb0a02720 JavaThread "Daemon"                            [_thread_blocked, id=28812, stack(0x000000cd23200000,0x000000cd23300000) (1024K)]
  0x0000029eb0a04660 JavaThread "Handler for socket connection from /127.0.0.1:56125 to /127.0.0.1:56126"        [_thread_in_native, id=20400, stack(0x000000cd23300000,0x000000cd23400000) (1024K)]
  0x0000029eb0a05dd0 JavaThread "Cancel handler"                    [_thread_blocked, id=27692, stack(0x000000cd23400000,0x000000cd23500000) (1024K)]
  0x0000029eb0a02ef0 JavaThread "Daemon worker"                     [_thread_in_native, id=12964, stack(0x000000cd23500000,0x000000cd23600000) (1024K)]
  0x0000029eb0a04e30 JavaThread "Asynchronous log dispatcher for DefaultDaemonConnection: socket connection from /127.0.0.1:56125 to /127.0.0.1:56126"        [_thread_blocked, id=31840, stack(0x000000cd23600000,0x000000cd23700000) (1024K)]
  0x0000029eb0a03e90 JavaThread "Stdin handler"                     [_thread_blocked, id=1016, stack(0x000000cd23700000,0x000000cd23800000) (1024K)]
  0x0000029eb0a084e0 JavaThread "Daemon client event forwarder"        [_thread_blocked, id=10504, stack(0x000000cd23800000,0x000000cd23900000) (1024K)]
  0x0000029eb0ecbcc0 JavaThread "Cache worker for journal cache (C:\Users\pauet\.gradle\caches\journal-1)"        [_thread_blocked, id=23772, stack(0x000000cd23f00000,0x000000cd24000000) (1024K)]
  0x0000029eb0eca550 JavaThread "File lock request listener"        [_thread_in_native, id=8548, stack(0x000000cd24000000,0x000000cd24100000) (1024K)]
  0x0000029eb0ecd430 JavaThread "Cache worker for file hash cache (C:\Users\pauet\.gradle\caches\9.2.0\fileHashes)"        [_thread_blocked, id=28556, stack(0x000000cd24100000,0x000000cd24200000) (1024K)]
  0x0000029eaf1563e0 JavaThread "C2 CompilerThread2"         daemon [_thread_blocked, id=17068, stack(0x000000cd22700000,0x000000cd22800000) (1024K)]
Total: 28

Other Threads:
  0x0000029eaa8efa50 VMThread "VM Thread"                           [id=26132, stack(0x000000cd21800000,0x000000cd21900000) (1024K)]
  0x0000029eaa7c1a80 WatcherThread "VM Periodic Task Thread"        [id=24732, stack(0x000000cd21700000,0x000000cd21800000) (1024K)]
  0x0000029e8ccec780 WorkerThread "GC Thread#0"                     [id=32112, stack(0x000000cd21200000,0x000000cd21300000) (1024K)]
  0x0000029eaff83260 WorkerThread "GC Thread#1"                     [id=9804, stack(0x000000cd22a00000,0x000000cd22b00000) (1024K)]
  0x0000029eaff79c00 WorkerThread "GC Thread#2"                     [id=20864, stack(0x000000cd22b00000,0x000000cd22c00000) (1024K)]
  0x0000029eaff32100 WorkerThread "GC Thread#3"                     [id=3824, stack(0x000000cd22c00000,0x000000cd22d00000) (1024K)]
  0x0000029eaff32940 WorkerThread "GC Thread#4"                     [id=11292, stack(0x000000cd22d00000,0x000000cd22e00000) (1024K)]
  0x0000029eaff32d70 WorkerThread "GC Thread#5"                     [id=5076, stack(0x000000cd22e00000,0x000000cd22f00000) (1024K)]
  0x0000029eb06a3a30 WorkerThread "GC Thread#6"                     [id=28656, stack(0x000000cd22800000,0x000000cd22900000) (1024K)]
  0x0000029eb06a42d0 WorkerThread "GC Thread#7"                     [id=6196, stack(0x000000cd22900000,0x000000cd22a00000) (1024K)]
  0x0000029eb06a4720 WorkerThread "GC Thread#8"                     [id=15044, stack(0x000000cd23900000,0x000000cd23a00000) (1024K)]
  0x0000029eb06a4b70 WorkerThread "GC Thread#9"                     [id=8676, stack(0x000000cd23a00000,0x000000cd23b00000) (1024K)]
  0x0000029eb06a4fc0 WorkerThread "GC Thread#10"                    [id=27040, stack(0x000000cd23b00000,0x000000cd23c00000) (1024K)]
  0x0000029eb0bd7c70 WorkerThread "GC Thread#11"                    [id=7312, stack(0x000000cd23c00000,0x000000cd23d00000) (1024K)]
  0x0000029eb0bd80c0 WorkerThread "GC Thread#12"                    [id=19736, stack(0x000000cd23d00000,0x000000cd23e00000) (1024K)]
  0x0000029eb0bda790 WorkerThread "GC Thread#13"                    [id=10988, stack(0x000000cd23e00000,0x000000cd23f00000) (1024K)]
  0x0000029e8ccf3850 ConcurrentGCThread "G1 Main Marker"            [id=25344, stack(0x000000cd21300000,0x000000cd21400000) (1024K)]
  0x0000029e8ccf52e0 WorkerThread "G1 Conc#0"                       [id=12124, stack(0x000000cd21400000,0x000000cd21500000) (1024K)]
  0x0000029e8cd7d590 ConcurrentGCThread "G1 Refine#0"               [id=30056, stack(0x000000cd21500000,0x000000cd21600000) (1024K)]
  0x0000029e8cd7e1a0 ConcurrentGCThread "G1 Service"                [id=344, stack(0x000000cd21600000,0x000000cd21700000) (1024K)]
Total: 20

Threads with active compile tasks:
C2 CompilerThread0  4643 3031   !   4       java.lang.ClassLoader::loadClass (121 bytes)
C1 CompilerThread0  4643 3328       3       java.util.concurrent.ConcurrentLinkedQueue::updateHead (26 bytes)
C1 CompilerThread1  4643 3327       3       java.util.concurrent.ConcurrentLinkedQueue::poll (84 bytes)
C2 CompilerThread1  4643 3198       4       java.lang.invoke.MethodType::makeImpl (109 bytes)
Total: 4

VM state: not at safepoint (normal execution)

VM Mutex/Monitor currently owned by a thread: None

Heap address: 0x00000000e0000000, size: 512 MB, Compressed Oops mode: 32-bit

CDS archive(s) mapped at: [0x0000000044000000-0x0000000044dd0000-0x0000000044dd0000), size 14483456, SharedBaseAddress: 0x0000000044000000, ArchiveRelocationMode: 1.
Compressed class space mapped at: 0x0000000045000000-0x0000000059000000, reserved size: 335544320
UseCompressedClassPointers 1, UseCompactObjectHeaders 0
Narrow klass pointer bits 32, Max shift 3
Narrow klass base: 0x0000000044000000, Narrow klass shift: 0
Encoding Range: [0x0000000044000000 - 0x0000000144000000), (4294967296 bytes)
Klass Range:    [0x0000000044010000 - 0x0000000059000000), (352256000 bytes)
Klass ID Range:  [65536 - 352321529) (352255993)
Protection zone: [0x0000000044000000 - 0x0000000044010000), (65536 bytes)

GC Precious Log:
 CardTable entry size: 512
 Card Set container configuration: InlinePtr #cards 5 size 8 Array Of Cards #cards 10 size 36 Howl #buckets 4 coarsen threshold 1843 Howl Bitmap #cards 512 size 80 coarsen threshold 460 Card regions per heap region 1 cards per card region 2048
 CPUs: 18 total, 18 available
 Memory: 15894M
 Large Page Support: Disabled
 NUMA Support: Disabled
 Compressed Oops: Enabled (32-bit)
 Heap Region Size: 1M
 Heap Min Capacity: 256M
 Heap Initial Capacity: 256M
 Heap Max Capacity: 512M
 Pre-touch: Disabled
 Parallel Workers: 14
 Concurrent Workers: 4
 Concurrent Refinement Workers: 14
 Periodic GC: Disabled

Heap:
 garbage-first heap   total reserved 524288K, committed 264192K, used 46470K [0x00000000e0000000, 0x0000000100000000)
  region size 1024K, 38 young (38912K), 14 survivors (14336K)

Heap Regions: E=young(eden), S=young(survivor), O=old, HS=humongous(starts), HC=humongous(continues), CS=collection set, F=free, TAMS=top-at-mark-start, PB=parsable bottom
|   0|0x00000000e0000000, 0x00000000e0100000, 0x00000000e0100000|100%|HS|  |TAMS 0x00000000e0000000| PB 0x00000000e0000000| Complete |  0
|   1|0x00000000e0100000, 0x00000000e0200000, 0x00000000e0200000|100%|HC|  |TAMS 0x00000000e0100000| PB 0x00000000e0100000| Complete |  0
|   2|0x00000000e0200000, 0x00000000e0300000, 0x00000000e0300000|100%|HC|  |TAMS 0x00000000e0200000| PB 0x00000000e0200000| Complete |  0
|   3|0x00000000e0300000, 0x00000000e0400000, 0x00000000e0400000|100%|HC|  |TAMS 0x00000000e0300000| PB 0x00000000e0300000| Complete |  0
|   4|0x00000000e0400000, 0x00000000e0500000, 0x00000000e0500000|100%| O|  |TAMS 0x00000000e0400000| PB 0x00000000e0400000| Untracked |  0
|   5|0x00000000e0500000, 0x00000000e0600000, 0x00000000e0600000|100%|HS|  |TAMS 0x00000000e0500000| PB 0x00000000e0500000| Complete |  0
|   6|0x00000000e0600000, 0x00000000e0700000, 0x00000000e0700000|100%|HS|  |TAMS 0x00000000e0600000| PB 0x00000000e0600000| Complete |  0
|   7|0x00000000e0700000, 0x00000000e073c9d8, 0x00000000e0800000| 23%| O|  |TAMS 0x00000000e0700000| PB 0x00000000e0700000| Untracked |  0
|   8|0x00000000e0800000, 0x00000000e0900000, 0x00000000e0900000|100%|HS|  |TAMS 0x00000000e0800000| PB 0x00000000e0800000| Complete |  0
|   9|0x00000000e0900000, 0x00000000e0900000, 0x00000000e0a00000|  0%| F|  |TAMS 0x00000000e0900000| PB 0x00000000e0900000| Untracked |  0
|  10|0x00000000e0a00000, 0x00000000e0a00000, 0x00000000e0b00000|  0%| F|  |TAMS 0x00000000e0a00000| PB 0x00000000e0a00000| Untracked |  0
|  11|0x00000000e0b00000, 0x00000000e0b00000, 0x00000000e0c00000|  0%| F|  |TAMS 0x00000000e0b00000| PB 0x00000000e0b00000| Untracked |  0
|  12|0x00000000e0c00000, 0x00000000e0c00000, 0x00000000e0d00000|  0%| F|  |TAMS 0x00000000e0c00000| PB 0x00000000e0c00000| Untracked |  0
|  13|0x00000000e0d00000, 0x00000000e0d00000, 0x00000000e0e00000|  0%| F|  |TAMS 0x00000000e0d00000| PB 0x00000000e0d00000| Untracked |  0
|  14|0x00000000e0e00000, 0x00000000e0e00000, 0x00000000e0f00000|  0%| F|  |TAMS 0x00000000e0e00000| PB 0x00000000e0e00000| Untracked |  0
|  15|0x00000000e0f00000, 0x00000000e0f00000, 0x00000000e1000000|  0%| F|  |TAMS 0x00000000e0f00000| PB 0x00000000e0f00000| Untracked |  0
|  16|0x00000000e1000000, 0x00000000e1000000, 0x00000000e1100000|  0%| F|  |TAMS 0x00000000e1000000| PB 0x00000000e1000000| Untracked |  0
|  17|0x00000000e1100000, 0x00000000e1100000, 0x00000000e1200000|  0%| F|  |TAMS 0x00000000e1100000| PB 0x00000000e1100000| Untracked |  0
|  18|0x00000000e1200000, 0x00000000e1200000, 0x00000000e1300000|  0%| F|  |TAMS 0x00000000e1200000| PB 0x00000000e1200000| Untracked |  0
|  19|0x00000000e1300000, 0x00000000e1300000, 0x00000000e1400000|  0%| F|  |TAMS 0x00000000e1300000| PB 0x00000000e1300000| Untracked |  0
|  20|0x00000000e1400000, 0x00000000e1400000, 0x00000000e1500000|  0%| F|  |TAMS 0x00000000e1400000| PB 0x00000000e1400000| Untracked |  0
|  21|0x00000000e1500000, 0x00000000e1500000, 0x00000000e1600000|  0%| F|  |TAMS 0x00000000e1500000| PB 0x00000000e1500000| Untracked |  0
|  22|0x00000000e1600000, 0x00000000e1600000, 0x00000000e1700000|  0%| F|  |TAMS 0x00000000e1600000| PB 0x00000000e1600000| Untracked |  0
|  23|0x00000000e1700000, 0x00000000e1700000, 0x00000000e1800000|  0%| F|  |TAMS 0x00000000e1700000| PB 0x00000000e1700000| Untracked |  0
|  24|0x00000000e1800000, 0x00000000e1800000, 0x00000000e1900000|  0%| F|  |TAMS 0x00000000e1800000| PB 0x00000000e1800000| Untracked |  0
|  25|0x00000000e1900000, 0x00000000e1900000, 0x00000000e1a00000|  0%| F|  |TAMS 0x00000000e1900000| PB 0x00000000e1900000| Untracked |  0
|  26|0x00000000e1a00000, 0x00000000e1a00000, 0x00000000e1b00000|  0%| F|  |TAMS 0x00000000e1a00000| PB 0x00000000e1a00000| Untracked |  0
|  27|0x00000000e1b00000, 0x00000000e1b00000, 0x00000000e1c00000|  0%| F|  |TAMS 0x00000000e1b00000| PB 0x00000000e1b00000| Untracked |  0
|  28|0x00000000e1c00000, 0x00000000e1c00000, 0x00000000e1d00000|  0%| F|  |TAMS 0x00000000e1c00000| PB 0x00000000e1c00000| Untracked |  0
|  29|0x00000000e1d00000, 0x00000000e1d00000, 0x00000000e1e00000|  0%| F|  |TAMS 0x00000000e1d00000| PB 0x00000000e1d00000| Untracked |  0
|  30|0x00000000e1e00000, 0x00000000e1e00000, 0x00000000e1f00000|  0%| F|  |TAMS 0x00000000e1e00000| PB 0x00000000e1e00000| Untracked |  0
|  31|0x00000000e1f00000, 0x00000000e1f00000, 0x00000000e2000000|  0%| F|  |TAMS 0x00000000e1f00000| PB 0x00000000e1f00000| Untracked |  0
|  32|0x00000000e2000000, 0x00000000e2000000, 0x00000000e2100000|  0%| F|  |TAMS 0x00000000e2000000| PB 0x00000000e2000000| Untracked |  0
|  33|0x00000000e2100000, 0x00000000e2100000, 0x00000000e2200000|  0%| F|  |TAMS 0x00000000e2100000| PB 0x00000000e2100000| Untracked |  0
|  34|0x00000000e2200000, 0x00000000e2200000, 0x00000000e2300000|  0%| F|  |TAMS 0x00000000e2200000| PB 0x00000000e2200000| Untracked |  0
|  35|0x00000000e2300000, 0x00000000e2300000, 0x00000000e2400000|  0%| F|  |TAMS 0x00000000e2300000| PB 0x00000000e2300000| Untracked |  0
|  36|0x00000000e2400000, 0x00000000e2400000, 0x00000000e2500000|  0%| F|  |TAMS 0x00000000e2400000| PB 0x00000000e2400000| Untracked |  0
|  37|0x00000000e2500000, 0x00000000e2500000, 0x00000000e2600000|  0%| F|  |TAMS 0x00000000e2500000| PB 0x00000000e2500000| Untracked |  0
|  38|0x00000000e2600000, 0x00000000e2600000, 0x00000000e2700000|  0%| F|  |TAMS 0x00000000e2600000| PB 0x00000000e2600000| Untracked |  0
|  39|0x00000000e2700000, 0x00000000e2700000, 0x00000000e2800000|  0%| F|  |TAMS 0x00000000e2700000| PB 0x00000000e2700000| Untracked |  0
|  40|0x00000000e2800000, 0x00000000e2800000, 0x00000000e2900000|  0%| F|  |TAMS 0x00000000e2800000| PB 0x00000000e2800000| Untracked |  0
|  41|0x00000000e2900000, 0x00000000e2900000, 0x00000000e2a00000|  0%| F|  |TAMS 0x00000000e2900000| PB 0x00000000e2900000| Untracked |  0
|  42|0x00000000e2a00000, 0x00000000e2a00000, 0x00000000e2b00000|  0%| F|  |TAMS 0x00000000e2a00000| PB 0x00000000e2a00000| Untracked |  0
|  43|0x00000000e2b00000, 0x00000000e2b00000, 0x00000000e2c00000|  0%| F|  |TAMS 0x00000000e2b00000| PB 0x00000000e2b00000| Untracked |  0
|  44|0x00000000e2c00000, 0x00000000e2c00000, 0x00000000e2d00000|  0%| F|  |TAMS 0x00000000e2c00000| PB 0x00000000e2c00000| Untracked |  0
|  45|0x00000000e2d00000, 0x00000000e2d00000, 0x00000000e2e00000|  0%| F|  |TAMS 0x00000000e2d00000| PB 0x00000000e2d00000| Untracked |  0
|  46|0x00000000e2e00000, 0x00000000e2e00000, 0x00000000e2f00000|  0%| F|  |TAMS 0x00000000e2e00000| PB 0x00000000e2e00000| Untracked |  0
|  47|0x00000000e2f00000, 0x00000000e2f00000, 0x00000000e3000000|  0%| F|  |TAMS 0x00000000e2f00000| PB 0x00000000e2f00000| Untracked |  0
|  48|0x00000000e3000000, 0x00000000e3000000, 0x00000000e3100000|  0%| F|  |TAMS 0x00000000e3000000| PB 0x00000000e3000000| Untracked |  0
|  49|0x00000000e3100000, 0x00000000e3100000, 0x00000000e3200000|  0%| F|  |TAMS 0x00000000e3100000| PB 0x00000000e3100000| Untracked |  0
|  50|0x00000000e3200000, 0x00000000e3200000, 0x00000000e3300000|  0%| F|  |TAMS 0x00000000e3200000| PB 0x00000000e3200000| Untracked |  0
|  51|0x00000000e3300000, 0x00000000e3300000, 0x00000000e3400000|  0%| F|  |TAMS 0x00000000e3300000| PB 0x00000000e3300000| Untracked |  0
|  52|0x00000000e3400000, 0x00000000e3400000, 0x00000000e3500000|  0%| F|  |TAMS 0x00000000e3400000| PB 0x00000000e3400000| Untracked |  0
|  53|0x00000000e3500000, 0x00000000e3500000, 0x00000000e3600000|  0%| F|  |TAMS 0x00000000e3500000| PB 0x00000000e3500000| Untracked |  0
|  54|0x00000000e3600000, 0x00000000e3600000, 0x00000000e3700000|  0%| F|  |TAMS 0x00000000e3600000| PB 0x00000000e3600000| Untracked |  0
|  55|0x00000000e3700000, 0x00000000e3700000, 0x00000000e3800000|  0%| F|  |TAMS 0x00000000e3700000| PB 0x00000000e3700000| Untracked |  0
|  56|0x00000000e3800000, 0x00000000e3800000, 0x00000000e3900000|  0%| F|  |TAMS 0x00000000e3800000| PB 0x00000000e3800000| Untracked |  0
|  57|0x00000000e3900000, 0x00000000e3900000, 0x00000000e3a00000|  0%| F|  |TAMS 0x00000000e3900000| PB 0x00000000e3900000| Untracked |  0
|  58|0x00000000e3a00000, 0x00000000e3a00000, 0x00000000e3b00000|  0%| F|  |TAMS 0x00000000e3a00000| PB 0x00000000e3a00000| Untracked |  0
|  59|0x00000000e3b00000, 0x00000000e3b00000, 0x00000000e3c00000|  0%| F|  |TAMS 0x00000000e3b00000| PB 0x00000000e3b00000| Untracked |  0
|  60|0x00000000e3c00000, 0x00000000e3c00000, 0x00000000e3d00000|  0%| F|  |TAMS 0x00000000e3c00000| PB 0x00000000e3c00000| Untracked |  0
|  61|0x00000000e3d00000, 0x00000000e3d00000, 0x00000000e3e00000|  0%| F|  |TAMS 0x00000000e3d00000| PB 0x00000000e3d00000| Untracked |  0
|  62|0x00000000e3e00000, 0x00000000e3e00000, 0x00000000e3f00000|  0%| F|  |TAMS 0x00000000e3e00000| PB 0x00000000e3e00000| Untracked |  0
|  63|0x00000000e3f00000, 0x00000000e3f00000, 0x00000000e4000000|  0%| F|  |TAMS 0x00000000e3f00000| PB 0x00000000e3f00000| Untracked |  0
|  64|0x00000000e4000000, 0x00000000e4000000, 0x00000000e4100000|  0%| F|  |TAMS 0x00000000e4000000| PB 0x00000000e4000000| Untracked |  0
|  65|0x00000000e4100000, 0x00000000e4100000, 0x00000000e4200000|  0%| F|  |TAMS 0x00000000e4100000| PB 0x00000000e4100000| Untracked |  0
|  66|0x00000000e4200000, 0x00000000e4200000, 0x00000000e4300000|  0%| F|  |TAMS 0x00000000e4200000| PB 0x00000000e4200000| Untracked |  0
|  67|0x00000000e4300000, 0x00000000e4300000, 0x00000000e4400000|  0%| F|  |TAMS 0x00000000e4300000| PB 0x00000000e4300000| Untracked |  0
|  68|0x00000000e4400000, 0x00000000e4400000, 0x00000000e4500000|  0%| F|  |TAMS 0x00000000e4400000| PB 0x00000000e4400000| Untracked |  0
|  69|0x00000000e4500000, 0x00000000e4500000, 0x00000000e4600000|  0%| F|  |TAMS 0x00000000e4500000| PB 0x00000000e4500000| Untracked |  0
|  70|0x00000000e4600000, 0x00000000e4600000, 0x00000000e4700000|  0%| F|  |TAMS 0x00000000e4600000| PB 0x00000000e4600000| Untracked |  0
|  71|0x00000000e4700000, 0x00000000e4700000, 0x00000000e4800000|  0%| F|  |TAMS 0x00000000e4700000| PB 0x00000000e4700000| Untracked |  0
|  72|0x00000000e4800000, 0x00000000e4800000, 0x00000000e4900000|  0%| F|  |TAMS 0x00000000e4800000| PB 0x00000000e4800000| Untracked |  0
|  73|0x00000000e4900000, 0x00000000e4900000, 0x00000000e4a00000|  0%| F|  |TAMS 0x00000000e4900000| PB 0x00000000e4900000| Untracked |  0
|  74|0x00000000e4a00000, 0x00000000e4a00000, 0x00000000e4b00000|  0%| F|  |TAMS 0x00000000e4a00000| PB 0x00000000e4a00000| Untracked |  0
|  75|0x00000000e4b00000, 0x00000000e4b00000, 0x00000000e4c00000|  0%| F|  |TAMS 0x00000000e4b00000| PB 0x00000000e4b00000| Untracked |  0
|  76|0x00000000e4c00000, 0x00000000e4c00000, 0x00000000e4d00000|  0%| F|  |TAMS 0x00000000e4c00000| PB 0x00000000e4c00000| Untracked |  0
|  77|0x00000000e4d00000, 0x00000000e4d00000, 0x00000000e4e00000|  0%| F|  |TAMS 0x00000000e4d00000| PB 0x00000000e4d00000| Untracked |  0
|  78|0x00000000e4e00000, 0x00000000e4e00000, 0x00000000e4f00000|  0%| F|  |TAMS 0x00000000e4e00000| PB 0x00000000e4e00000| Untracked |  0
|  79|0x00000000e4f00000, 0x00000000e4f00000, 0x00000000e5000000|  0%| F|  |TAMS 0x00000000e4f00000| PB 0x00000000e4f00000| Untracked |  0
|  80|0x00000000e5000000, 0x00000000e5000000, 0x00000000e5100000|  0%| F|  |TAMS 0x00000000e5000000| PB 0x00000000e5000000| Untracked |  0
|  81|0x00000000e5100000, 0x00000000e5100000, 0x00000000e5200000|  0%| F|  |TAMS 0x00000000e5100000| PB 0x00000000e5100000| Untracked |  0
|  82|0x00000000e5200000, 0x00000000e5200000, 0x00000000e5300000|  0%| F|  |TAMS 0x00000000e5200000| PB 0x00000000e5200000| Untracked |  0
|  83|0x00000000e5300000, 0x00000000e5300000, 0x00000000e5400000|  0%| F|  |TAMS 0x00000000e5300000| PB 0x00000000e5300000| Untracked |  0
|  84|0x00000000e5400000, 0x00000000e5400000, 0x00000000e5500000|  0%| F|  |TAMS 0x00000000e5400000| PB 0x00000000e5400000| Untracked |  0
|  85|0x00000000e5500000, 0x00000000e5500000, 0x00000000e5600000|  0%| F|  |TAMS 0x00000000e5500000| PB 0x00000000e5500000| Untracked |  0
|  86|0x00000000e5600000, 0x00000000e5600000, 0x00000000e5700000|  0%| F|  |TAMS 0x00000000e5600000| PB 0x00000000e5600000| Untracked |  0
|  87|0x00000000e5700000, 0x00000000e5700000, 0x00000000e5800000|  0%| F|  |TAMS 0x00000000e5700000| PB 0x00000000e5700000| Untracked |  0
|  88|0x00000000e5800000, 0x00000000e5800000, 0x00000000e5900000|  0%| F|  |TAMS 0x00000000e5800000| PB 0x00000000e5800000| Untracked |  0
|  89|0x00000000e5900000, 0x00000000e5900000, 0x00000000e5a00000|  0%| F|  |TAMS 0x00000000e5900000| PB 0x00000000e5900000| Untracked |  0
|  90|0x00000000e5a00000, 0x00000000e5a00000, 0x00000000e5b00000|  0%| F|  |TAMS 0x00000000e5a00000| PB 0x00000000e5a00000| Untracked |  0
|  91|0x00000000e5b00000, 0x00000000e5b00000, 0x00000000e5c00000|  0%| F|  |TAMS 0x00000000e5b00000| PB 0x00000000e5b00000| Untracked |  0
|  92|0x00000000e5c00000, 0x00000000e5c00000, 0x00000000e5d00000|  0%| F|  |TAMS 0x00000000e5c00000| PB 0x00000000e5c00000| Untracked |  0
|  93|0x00000000e5d00000, 0x00000000e5d00000, 0x00000000e5e00000|  0%| F|  |TAMS 0x00000000e5d00000| PB 0x00000000e5d00000| Untracked |  0
|  94|0x00000000e5e00000, 0x00000000e5e00000, 0x00000000e5f00000|  0%| F|  |TAMS 0x00000000e5e00000| PB 0x00000000e5e00000| Untracked |  0
|  95|0x00000000e5f00000, 0x00000000e5f00000, 0x00000000e6000000|  0%| F|  |TAMS 0x00000000e5f00000| PB 0x00000000e5f00000| Untracked |  0
|  96|0x00000000e6000000, 0x00000000e6000000, 0x00000000e6100000|  0%| F|  |TAMS 0x00000000e6000000| PB 0x00000000e6000000| Untracked |  0
|  97|0x00000000e6100000, 0x00000000e6100000, 0x00000000e6200000|  0%| F|  |TAMS 0x00000000e6100000| PB 0x00000000e6100000| Untracked |  0
|  98|0x00000000e6200000, 0x00000000e6200000, 0x00000000e6300000|  0%| F|  |TAMS 0x00000000e6200000| PB 0x00000000e6200000| Untracked |  0
|  99|0x00000000e6300000, 0x00000000e6300000, 0x00000000e6400000|  0%| F|  |TAMS 0x00000000e6300000| PB 0x00000000e6300000| Untracked |  0
| 100|0x00000000e6400000, 0x00000000e6400000, 0x00000000e6500000|  0%| F|  |TAMS 0x00000000e6400000| PB 0x00000000e6400000| Untracked |  0
| 101|0x00000000e6500000, 0x00000000e6500000, 0x00000000e6600000|  0%| F|  |TAMS 0x00000000e6500000| PB 0x00000000e6500000| Untracked |  0
| 102|0x00000000e6600000, 0x00000000e6600000, 0x00000000e6700000|  0%| F|  |TAMS 0x00000000e6600000| PB 0x00000000e6600000| Untracked |  0
| 103|0x00000000e6700000, 0x00000000e6700000, 0x00000000e6800000|  0%| F|  |TAMS 0x00000000e6700000| PB 0x00000000e6700000| Untracked |  0
| 104|0x00000000e6800000, 0x00000000e6800000, 0x00000000e6900000|  0%| F|  |TAMS 0x00000000e6800000| PB 0x00000000e6800000| Untracked |  0
| 105|0x00000000e6900000, 0x00000000e6900000, 0x00000000e6a00000|  0%| F|  |TAMS 0x00000000e6900000| PB 0x00000000e6900000| Untracked |  0
| 106|0x00000000e6a00000, 0x00000000e6a00000, 0x00000000e6b00000|  0%| F|  |TAMS 0x00000000e6a00000| PB 0x00000000e6a00000| Untracked |  0
| 107|0x00000000e6b00000, 0x00000000e6b00000, 0x00000000e6c00000|  0%| F|  |TAMS 0x00000000e6b00000| PB 0x00000000e6b00000| Untracked |  0
| 108|0x00000000e6c00000, 0x00000000e6c00000, 0x00000000e6d00000|  0%| F|  |TAMS 0x00000000e6c00000| PB 0x00000000e6c00000| Untracked |  0
| 109|0x00000000e6d00000, 0x00000000e6d00000, 0x00000000e6e00000|  0%| F|  |TAMS 0x00000000e6d00000| PB 0x00000000e6d00000| Untracked |  0
| 110|0x00000000e6e00000, 0x00000000e6e00000, 0x00000000e6f00000|  0%| F|  |TAMS 0x00000000e6e00000| PB 0x00000000e6e00000| Untracked |  0
| 111|0x00000000e6f00000, 0x00000000e6f00000, 0x00000000e7000000|  0%| F|  |TAMS 0x00000000e6f00000| PB 0x00000000e6f00000| Untracked |  0
| 112|0x00000000e7000000, 0x00000000e7000000, 0x00000000e7100000|  0%| F|  |TAMS 0x00000000e7000000| PB 0x00000000e7000000| Untracked |  0
| 113|0x00000000e7100000, 0x00000000e7100000, 0x00000000e7200000|  0%| F|  |TAMS 0x00000000e7100000| PB 0x00000000e7100000| Untracked |  0
| 114|0x00000000e7200000, 0x00000000e7200000, 0x00000000e7300000|  0%| F|  |TAMS 0x00000000e7200000| PB 0x00000000e7200000| Untracked |  0
| 115|0x00000000e7300000, 0x00000000e7300000, 0x00000000e7400000|  0%| F|  |TAMS 0x00000000e7300000| PB 0x00000000e7300000| Untracked |  0
| 116|0x00000000e7400000, 0x00000000e7400000, 0x00000000e7500000|  0%| F|  |TAMS 0x00000000e7400000| PB 0x00000000e7400000| Untracked |  0
| 117|0x00000000e7500000, 0x00000000e7500000, 0x00000000e7600000|  0%| F|  |TAMS 0x00000000e7500000| PB 0x00000000e7500000| Untracked |  0
| 118|0x00000000e7600000, 0x00000000e7600000, 0x00000000e7700000|  0%| F|  |TAMS 0x00000000e7600000| PB 0x00000000e7600000| Untracked |  0
| 119|0x00000000e7700000, 0x00000000e7700000, 0x00000000e7800000|  0%| F|  |TAMS 0x00000000e7700000| PB 0x00000000e7700000| Untracked |  0
| 120|0x00000000e7800000, 0x00000000e7800000, 0x00000000e7900000|  0%| F|  |TAMS 0x00000000e7800000| PB 0x00000000e7800000| Untracked |  0
| 121|0x00000000e7900000, 0x00000000e7900000, 0x00000000e7a00000|  0%| F|  |TAMS 0x00000000e7900000| PB 0x00000000e7900000| Untracked |  0
| 122|0x00000000e7a00000, 0x00000000e7a00000, 0x00000000e7b00000|  0%| F|  |TAMS 0x00000000e7a00000| PB 0x00000000e7a00000| Untracked |  0
| 123|0x00000000e7b00000, 0x00000000e7b00000, 0x00000000e7c00000|  0%| F|  |TAMS 0x00000000e7b00000| PB 0x00000000e7b00000| Untracked |  0
| 124|0x00000000e7c00000, 0x00000000e7c00000, 0x00000000e7d00000|  0%| F|  |TAMS 0x00000000e7c00000| PB 0x00000000e7c00000| Untracked |  0
| 125|0x00000000e7d00000, 0x00000000e7d00000, 0x00000000e7e00000|  0%| F|  |TAMS 0x00000000e7d00000| PB 0x00000000e7d00000| Untracked |  0
| 126|0x00000000e7e00000, 0x00000000e7e00000, 0x00000000e7f00000|  0%| F|  |TAMS 0x00000000e7e00000| PB 0x00000000e7e00000| Untracked |  0
| 127|0x00000000e7f00000, 0x00000000e7f00000, 0x00000000e8000000|  0%| F|  |TAMS 0x00000000e7f00000| PB 0x00000000e7f00000| Untracked |  0
| 128|0x00000000e8000000, 0x00000000e8000000, 0x00000000e8100000|  0%| F|  |TAMS 0x00000000e8000000| PB 0x00000000e8000000| Untracked |  0
| 129|0x00000000e8100000, 0x00000000e8100000, 0x00000000e8200000|  0%| F|  |TAMS 0x00000000e8100000| PB 0x00000000e8100000| Untracked |  0
| 130|0x00000000e8200000, 0x00000000e8300000, 0x00000000e8300000|100%| S|CS|TAMS 0x00000000e8200000| PB 0x00000000e8200000| Complete |  0
| 131|0x00000000e8300000, 0x00000000e8400000, 0x00000000e8400000|100%| S|CS|TAMS 0x00000000e8300000| PB 0x00000000e8300000| Complete |  0
| 132|0x00000000e8400000, 0x00000000e8500000, 0x00000000e8500000|100%| S|CS|TAMS 0x00000000e8400000| PB 0x00000000e8400000| Complete |  0
| 133|0x00000000e8500000, 0x00000000e8600000, 0x00000000e8600000|100%| S|CS|TAMS 0x00000000e8500000| PB 0x00000000e8500000| Complete |  0
| 134|0x00000000e8600000, 0x00000000e8700000, 0x00000000e8700000|100%| S|CS|TAMS 0x00000000e8600000| PB 0x00000000e8600000| Complete |  0
| 135|0x00000000e8700000, 0x00000000e8800000, 0x00000000e8800000|100%| S|CS|TAMS 0x00000000e8700000| PB 0x00000000e8700000| Complete |  0
| 136|0x00000000e8800000, 0x00000000e8900000, 0x00000000e8900000|100%| S|CS|TAMS 0x00000000e8800000| PB 0x00000000e8800000| Complete |  0
| 137|0x00000000e8900000, 0x00000000e8a00000, 0x00000000e8a00000|100%| S|CS|TAMS 0x00000000e8900000| PB 0x00000000e8900000| Complete |  0
| 138|0x00000000e8a00000, 0x00000000e8b00000, 0x00000000e8b00000|100%| S|CS|TAMS 0x00000000e8a00000| PB 0x00000000e8a00000| Complete |  0
| 139|0x00000000e8b00000, 0x00000000e8c00000, 0x00000000e8c00000|100%| S|CS|TAMS 0x00000000e8b00000| PB 0x00000000e8b00000| Complete |  0
| 140|0x00000000e8c00000, 0x00000000e8d00000, 0x00000000e8d00000|100%| S|CS|TAMS 0x00000000e8c00000| PB 0x00000000e8c00000| Complete |  0
| 141|0x00000000e8d00000, 0x00000000e8e00000, 0x00000000e8e00000|100%| S|CS|TAMS 0x00000000e8d00000| PB 0x00000000e8d00000| Complete |  0
| 142|0x00000000e8e00000, 0x00000000e8f00000, 0x00000000e8f00000|100%| S|CS|TAMS 0x00000000e8e00000| PB 0x00000000e8e00000| Complete |  0
| 143|0x00000000e8f00000, 0x00000000e9000000, 0x00000000e9000000|100%| S|CS|TAMS 0x00000000e8f00000| PB 0x00000000e8f00000| Complete |  0
| 144|0x00000000e9000000, 0x00000000e9000000, 0x00000000e9100000|  0%| F|  |TAMS 0x00000000e9000000| PB 0x00000000e9000000| Untracked |  0
| 145|0x00000000e9100000, 0x00000000e9100000, 0x00000000e9200000|  0%| F|  |TAMS 0x00000000e9100000| PB 0x00000000e9100000| Untracked |  0
| 146|0x00000000e9200000, 0x00000000e9200000, 0x00000000e9300000|  0%| F|  |TAMS 0x00000000e9200000| PB 0x00000000e9200000| Untracked |  0
| 147|0x00000000e9300000, 0x00000000e9300000, 0x00000000e9400000|  0%| F|  |TAMS 0x00000000e9300000| PB 0x00000000e9300000| Untracked |  0
| 148|0x00000000e9400000, 0x00000000e9400000, 0x00000000e9500000|  0%| F|  |TAMS 0x00000000e9400000| PB 0x00000000e9400000| Untracked |  0
| 149|0x00000000e9500000, 0x00000000e9500000, 0x00000000e9600000|  0%| F|  |TAMS 0x00000000e9500000| PB 0x00000000e9500000| Untracked |  0
| 150|0x00000000e9600000, 0x00000000e9600000, 0x00000000e9700000|  0%| F|  |TAMS 0x00000000e9600000| PB 0x00000000e9600000| Untracked |  0
| 151|0x00000000e9700000, 0x00000000e9700000, 0x00000000e9800000|  0%| F|  |TAMS 0x00000000e9700000| PB 0x00000000e9700000| Untracked |  0
| 152|0x00000000e9800000, 0x00000000e9800000, 0x00000000e9900000|  0%| F|  |TAMS 0x00000000e9800000| PB 0x00000000e9800000| Untracked |  0
| 153|0x00000000e9900000, 0x00000000e9900000, 0x00000000e9a00000|  0%| F|  |TAMS 0x00000000e9900000| PB 0x00000000e9900000| Untracked |  0
| 154|0x00000000e9a00000, 0x00000000e9a00000, 0x00000000e9b00000|  0%| F|  |TAMS 0x00000000e9a00000| PB 0x00000000e9a00000| Untracked |  0
| 155|0x00000000e9b00000, 0x00000000e9b00000, 0x00000000e9c00000|  0%| F|  |TAMS 0x00000000e9b00000| PB 0x00000000e9b00000| Untracked |  0
| 156|0x00000000e9c00000, 0x00000000e9c00000, 0x00000000e9d00000|  0%| F|  |TAMS 0x00000000e9c00000| PB 0x00000000e9c00000| Untracked |  0
| 157|0x00000000e9d00000, 0x00000000e9d00000, 0x00000000e9e00000|  0%| F|  |TAMS 0x00000000e9d00000| PB 0x00000000e9d00000| Untracked |  0
| 158|0x00000000e9e00000, 0x00000000e9e00000, 0x00000000e9f00000|  0%| F|  |TAMS 0x00000000e9e00000| PB 0x00000000e9e00000| Untracked |  0
| 159|0x00000000e9f00000, 0x00000000e9f00000, 0x00000000ea000000|  0%| F|  |TAMS 0x00000000e9f00000| PB 0x00000000e9f00000| Untracked |  0
| 160|0x00000000ea000000, 0x00000000ea000000, 0x00000000ea100000|  0%| F|  |TAMS 0x00000000ea000000| PB 0x00000000ea000000| Untracked |  0
| 161|0x00000000ea100000, 0x00000000ea100000, 0x00000000ea200000|  0%| F|  |TAMS 0x00000000ea100000| PB 0x00000000ea100000| Untracked |  0
| 162|0x00000000ea200000, 0x00000000ea200000, 0x00000000ea300000|  0%| F|  |TAMS 0x00000000ea200000| PB 0x00000000ea200000| Untracked |  0
| 163|0x00000000ea300000, 0x00000000ea300000, 0x00000000ea400000|  0%| F|  |TAMS 0x00000000ea300000| PB 0x00000000ea300000| Untracked |  0
| 164|0x00000000ea400000, 0x00000000ea400000, 0x00000000ea500000|  0%| F|  |TAMS 0x00000000ea400000| PB 0x00000000ea400000| Untracked |  0
| 165|0x00000000ea500000, 0x00000000ea500000, 0x00000000ea600000|  0%| F|  |TAMS 0x00000000ea500000| PB 0x00000000ea500000| Untracked |  0
| 166|0x00000000ea600000, 0x00000000ea600000, 0x00000000ea700000|  0%| F|  |TAMS 0x00000000ea600000| PB 0x00000000ea600000| Untracked |  0
| 167|0x00000000ea700000, 0x00000000ea700000, 0x00000000ea800000|  0%| F|  |TAMS 0x00000000ea700000| PB 0x00000000ea700000| Untracked |  0
| 168|0x00000000ea800000, 0x00000000ea800000, 0x00000000ea900000|  0%| F|  |TAMS 0x00000000ea800000| PB 0x00000000ea800000| Untracked |  0
| 169|0x00000000ea900000, 0x00000000ea900000, 0x00000000eaa00000|  0%| F|  |TAMS 0x00000000ea900000| PB 0x00000000ea900000| Untracked |  0
| 170|0x00000000eaa00000, 0x00000000eaa00000, 0x00000000eab00000|  0%| F|  |TAMS 0x00000000eaa00000| PB 0x00000000eaa00000| Untracked |  0
| 171|0x00000000eab00000, 0x00000000eab00000, 0x00000000eac00000|  0%| F|  |TAMS 0x00000000eab00000| PB 0x00000000eab00000| Untracked |  0
| 172|0x00000000eac00000, 0x00000000eac00000, 0x00000000ead00000|  0%| F|  |TAMS 0x00000000eac00000| PB 0x00000000eac00000| Untracked |  0
| 173|0x00000000ead00000, 0x00000000ead00000, 0x00000000eae00000|  0%| F|  |TAMS 0x00000000ead00000| PB 0x00000000ead00000| Untracked |  0
| 174|0x00000000eae00000, 0x00000000eae00000, 0x00000000eaf00000|  0%| F|  |TAMS 0x00000000eae00000| PB 0x00000000eae00000| Untracked |  0
| 175|0x00000000eaf00000, 0x00000000eaf00000, 0x00000000eb000000|  0%| F|  |TAMS 0x00000000eaf00000| PB 0x00000000eaf00000| Untracked |  0
| 176|0x00000000eb000000, 0x00000000eb000000, 0x00000000eb100000|  0%| F|  |TAMS 0x00000000eb000000| PB 0x00000000eb000000| Untracked |  0
| 177|0x00000000eb100000, 0x00000000eb100000, 0x00000000eb200000|  0%| F|  |TAMS 0x00000000eb100000| PB 0x00000000eb100000| Untracked |  0
| 178|0x00000000eb200000, 0x00000000eb200000, 0x00000000eb300000|  0%| F|  |TAMS 0x00000000eb200000| PB 0x00000000eb200000| Untracked |  0
| 179|0x00000000eb300000, 0x00000000eb300000, 0x00000000eb400000|  0%| F|  |TAMS 0x00000000eb300000| PB 0x00000000eb300000| Untracked |  0
| 180|0x00000000eb400000, 0x00000000eb400000, 0x00000000eb500000|  0%| F|  |TAMS 0x00000000eb400000| PB 0x00000000eb400000| Untracked |  0
| 181|0x00000000eb500000, 0x00000000eb500000, 0x00000000eb600000|  0%| F|  |TAMS 0x00000000eb500000| PB 0x00000000eb500000| Untracked |  0
| 182|0x00000000eb600000, 0x00000000eb600000, 0x00000000eb700000|  0%| F|  |TAMS 0x00000000eb600000| PB 0x00000000eb600000| Untracked |  0
| 183|0x00000000eb700000, 0x00000000eb700000, 0x00000000eb800000|  0%| F|  |TAMS 0x00000000eb700000| PB 0x00000000eb700000| Untracked |  0
| 184|0x00000000eb800000, 0x00000000eb800000, 0x00000000eb900000|  0%| F|  |TAMS 0x00000000eb800000| PB 0x00000000eb800000| Untracked |  0
| 185|0x00000000eb900000, 0x00000000eb900000, 0x00000000eba00000|  0%| F|  |TAMS 0x00000000eb900000| PB 0x00000000eb900000| Untracked |  0
| 186|0x00000000eba00000, 0x00000000eba00000, 0x00000000ebb00000|  0%| F|  |TAMS 0x00000000eba00000| PB 0x00000000eba00000| Untracked |  0
| 187|0x00000000ebb00000, 0x00000000ebb00000, 0x00000000ebc00000|  0%| F|  |TAMS 0x00000000ebb00000| PB 0x00000000ebb00000| Untracked |  0
| 188|0x00000000ebc00000, 0x00000000ebc00000, 0x00000000ebd00000|  0%| F|  |TAMS 0x00000000ebc00000| PB 0x00000000ebc00000| Untracked |  0
| 189|0x00000000ebd00000, 0x00000000ebd00000, 0x00000000ebe00000|  0%| F|  |TAMS 0x00000000ebd00000| PB 0x00000000ebd00000| Untracked |  0
| 190|0x00000000ebe00000, 0x00000000ebe00000, 0x00000000ebf00000|  0%| F|  |TAMS 0x00000000ebe00000| PB 0x00000000ebe00000| Untracked |  0
| 191|0x00000000ebf00000, 0x00000000ebf00000, 0x00000000ec000000|  0%| F|  |TAMS 0x00000000ebf00000| PB 0x00000000ebf00000| Untracked |  0
| 192|0x00000000ec000000, 0x00000000ec000000, 0x00000000ec100000|  0%| F|  |TAMS 0x00000000ec000000| PB 0x00000000ec000000| Untracked |  0
| 193|0x00000000ec100000, 0x00000000ec100000, 0x00000000ec200000|  0%| F|  |TAMS 0x00000000ec100000| PB 0x00000000ec100000| Untracked |  0
| 194|0x00000000ec200000, 0x00000000ec200000, 0x00000000ec300000|  0%| F|  |TAMS 0x00000000ec200000| PB 0x00000000ec200000| Untracked |  0
| 195|0x00000000ec300000, 0x00000000ec300000, 0x00000000ec400000|  0%| F|  |TAMS 0x00000000ec300000| PB 0x00000000ec300000| Untracked |  0
| 196|0x00000000ec400000, 0x00000000ec400000, 0x00000000ec500000|  0%| F|  |TAMS 0x00000000ec400000| PB 0x00000000ec400000| Untracked |  0
| 197|0x00000000ec500000, 0x00000000ec500000, 0x00000000ec600000|  0%| F|  |TAMS 0x00000000ec500000| PB 0x00000000ec500000| Untracked |  0
| 198|0x00000000ec600000, 0x00000000ec600000, 0x00000000ec700000|  0%| F|  |TAMS 0x00000000ec600000| PB 0x00000000ec600000| Untracked |  0
| 199|0x00000000ec700000, 0x00000000ec700000, 0x00000000ec800000|  0%| F|  |TAMS 0x00000000ec700000| PB 0x00000000ec700000| Untracked |  0
| 200|0x00000000ec800000, 0x00000000ec800000, 0x00000000ec900000|  0%| F|  |TAMS 0x00000000ec800000| PB 0x00000000ec800000| Untracked |  0
| 201|0x00000000ec900000, 0x00000000ec900000, 0x00000000eca00000|  0%| F|  |TAMS 0x00000000ec900000| PB 0x00000000ec900000| Untracked |  0
| 202|0x00000000eca00000, 0x00000000eca00000, 0x00000000ecb00000|  0%| F|  |TAMS 0x00000000eca00000| PB 0x00000000eca00000| Untracked |  0
| 203|0x00000000ecb00000, 0x00000000ecb00000, 0x00000000ecc00000|  0%| F|  |TAMS 0x00000000ecb00000| PB 0x00000000ecb00000| Untracked |  0
| 204|0x00000000ecc00000, 0x00000000ecc00000, 0x00000000ecd00000|  0%| F|  |TAMS 0x00000000ecc00000| PB 0x00000000ecc00000| Untracked |  0
| 205|0x00000000ecd00000, 0x00000000ecd00000, 0x00000000ece00000|  0%| F|  |TAMS 0x00000000ecd00000| PB 0x00000000ecd00000| Untracked |  0
| 206|0x00000000ece00000, 0x00000000ece00000, 0x00000000ecf00000|  0%| F|  |TAMS 0x00000000ece00000| PB 0x00000000ece00000| Untracked |  0
| 207|0x00000000ecf00000, 0x00000000ecf00000, 0x00000000ed000000|  0%| F|  |TAMS 0x00000000ecf00000| PB 0x00000000ecf00000| Untracked |  0
| 208|0x00000000ed000000, 0x00000000ed000000, 0x00000000ed100000|  0%| F|  |TAMS 0x00000000ed000000| PB 0x00000000ed000000| Untracked |  0
| 209|0x00000000ed100000, 0x00000000ed100000, 0x00000000ed200000|  0%| F|  |TAMS 0x00000000ed100000| PB 0x00000000ed100000| Untracked |  0
| 210|0x00000000ed200000, 0x00000000ed200000, 0x00000000ed300000|  0%| F|  |TAMS 0x00000000ed200000| PB 0x00000000ed200000| Untracked |  0
| 211|0x00000000ed300000, 0x00000000ed300000, 0x00000000ed400000|  0%| F|  |TAMS 0x00000000ed300000| PB 0x00000000ed300000| Untracked |  0
| 212|0x00000000ed400000, 0x00000000ed400000, 0x00000000ed500000|  0%| F|  |TAMS 0x00000000ed400000| PB 0x00000000ed400000| Untracked |  0
| 213|0x00000000ed500000, 0x00000000ed500000, 0x00000000ed600000|  0%| F|  |TAMS 0x00000000ed500000| PB 0x00000000ed500000| Untracked |  0
| 214|0x00000000ed600000, 0x00000000ed600000, 0x00000000ed700000|  0%| F|  |TAMS 0x00000000ed600000| PB 0x00000000ed600000| Untracked |  0
| 215|0x00000000ed700000, 0x00000000ed700000, 0x00000000ed800000|  0%| F|  |TAMS 0x00000000ed700000| PB 0x00000000ed700000| Untracked |  0
| 216|0x00000000ed800000, 0x00000000ed800000, 0x00000000ed900000|  0%| F|  |TAMS 0x00000000ed800000| PB 0x00000000ed800000| Untracked |  0
| 217|0x00000000ed900000, 0x00000000ed900000, 0x00000000eda00000|  0%| F|  |TAMS 0x00000000ed900000| PB 0x00000000ed900000| Untracked |  0
| 218|0x00000000eda00000, 0x00000000eda00000, 0x00000000edb00000|  0%| F|  |TAMS 0x00000000eda00000| PB 0x00000000eda00000| Untracked |  0
| 219|0x00000000edb00000, 0x00000000edb00000, 0x00000000edc00000|  0%| F|  |TAMS 0x00000000edb00000| PB 0x00000000edb00000| Untracked |  0
| 220|0x00000000edc00000, 0x00000000edc00000, 0x00000000edd00000|  0%| F|  |TAMS 0x00000000edc00000| PB 0x00000000edc00000| Untracked |  0
| 221|0x00000000edd00000, 0x00000000edd00000, 0x00000000ede00000|  0%| F|  |TAMS 0x00000000edd00000| PB 0x00000000edd00000| Untracked |  0
| 222|0x00000000ede00000, 0x00000000ede00000, 0x00000000edf00000|  0%| F|  |TAMS 0x00000000ede00000| PB 0x00000000ede00000| Untracked |  0
| 223|0x00000000edf00000, 0x00000000edf00000, 0x00000000ee000000|  0%| F|  |TAMS 0x00000000edf00000| PB 0x00000000edf00000| Untracked |  0
| 224|0x00000000ee000000, 0x00000000ee000000, 0x00000000ee100000|  0%| F|  |TAMS 0x00000000ee000000| PB 0x00000000ee000000| Untracked |  0
| 225|0x00000000ee100000, 0x00000000ee100000, 0x00000000ee200000|  0%| F|  |TAMS 0x00000000ee100000| PB 0x00000000ee100000| Untracked |  0
| 226|0x00000000ee200000, 0x00000000ee200000, 0x00000000ee300000|  0%| F|  |TAMS 0x00000000ee200000| PB 0x00000000ee200000| Untracked |  0
| 227|0x00000000ee300000, 0x00000000ee300000, 0x00000000ee400000|  0%| F|  |TAMS 0x00000000ee300000| PB 0x00000000ee300000| Untracked |  0
| 228|0x00000000ee400000, 0x00000000ee400000, 0x00000000ee500000|  0%| F|  |TAMS 0x00000000ee400000| PB 0x00000000ee400000| Untracked |  0
| 229|0x00000000ee500000, 0x00000000ee500000, 0x00000000ee600000|  0%| F|  |TAMS 0x00000000ee500000| PB 0x00000000ee500000| Untracked |  0
| 230|0x00000000ee600000, 0x00000000ee600000, 0x00000000ee700000|  0%| F|  |TAMS 0x00000000ee600000| PB 0x00000000ee600000| Untracked |  0
| 231|0x00000000ee700000, 0x00000000ee700000, 0x00000000ee800000|  0%| F|  |TAMS 0x00000000ee700000| PB 0x00000000ee700000| Untracked |  0
| 232|0x00000000ee800000, 0x00000000ee900000, 0x00000000ee900000|100%| E|  |TAMS 0x00000000ee800000| PB 0x00000000ee800000| Complete |  0
| 233|0x00000000ee900000, 0x00000000eea00000, 0x00000000eea00000|100%| E|CS|TAMS 0x00000000ee900000| PB 0x00000000ee900000| Complete |  0
| 234|0x00000000eea00000, 0x00000000eeb00000, 0x00000000eeb00000|100%| E|  |TAMS 0x00000000eea00000| PB 0x00000000eea00000| Complete |  0
| 235|0x00000000eeb00000, 0x00000000eec00000, 0x00000000eec00000|100%| E|CS|TAMS 0x00000000eeb00000| PB 0x00000000eeb00000| Complete |  0
| 236|0x00000000eec00000, 0x00000000eed00000, 0x00000000eed00000|100%| E|CS|TAMS 0x00000000eec00000| PB 0x00000000eec00000| Complete |  0
| 237|0x00000000eed00000, 0x00000000eee00000, 0x00000000eee00000|100%| E|CS|TAMS 0x00000000eed00000| PB 0x00000000eed00000| Complete |  0
| 238|0x00000000eee00000, 0x00000000eef00000, 0x00000000eef00000|100%| E|CS|TAMS 0x00000000eee00000| PB 0x00000000eee00000| Complete |  0
| 239|0x00000000eef00000, 0x00000000ef000000, 0x00000000ef000000|100%| E|CS|TAMS 0x00000000eef00000| PB 0x00000000eef00000| Complete |  0
| 240|0x00000000ef000000, 0x00000000ef100000, 0x00000000ef100000|100%| E|CS|TAMS 0x00000000ef000000| PB 0x00000000ef000000| Complete |  0
| 241|0x00000000ef100000, 0x00000000ef200000, 0x00000000ef200000|100%| E|CS|TAMS 0x00000000ef100000| PB 0x00000000ef100000| Complete |  0
| 242|0x00000000ef200000, 0x00000000ef300000, 0x00000000ef300000|100%| E|CS|TAMS 0x00000000ef200000| PB 0x00000000ef200000| Complete |  0
| 243|0x00000000ef300000, 0x00000000ef400000, 0x00000000ef400000|100%| E|CS|TAMS 0x00000000ef300000| PB 0x00000000ef300000| Complete |  0
| 244|0x00000000ef400000, 0x00000000ef500000, 0x00000000ef500000|100%| E|CS|TAMS 0x00000000ef400000| PB 0x00000000ef400000| Complete |  0
| 245|0x00000000ef500000, 0x00000000ef600000, 0x00000000ef600000|100%| E|CS|TAMS 0x00000000ef500000| PB 0x00000000ef500000| Complete |  0
| 246|0x00000000ef600000, 0x00000000ef700000, 0x00000000ef700000|100%| E|CS|TAMS 0x00000000ef600000| PB 0x00000000ef600000| Complete |  0
| 247|0x00000000ef700000, 0x00000000ef800000, 0x00000000ef800000|100%| E|CS|TAMS 0x00000000ef700000| PB 0x00000000ef700000| Complete |  0
| 248|0x00000000ef800000, 0x00000000ef900000, 0x00000000ef900000|100%| E|CS|TAMS 0x00000000ef800000| PB 0x00000000ef800000| Complete |  0
| 249|0x00000000ef900000, 0x00000000efa00000, 0x00000000efa00000|100%| E|CS|TAMS 0x00000000ef900000| PB 0x00000000ef900000| Complete |  0
| 250|0x00000000efa00000, 0x00000000efb00000, 0x00000000efb00000|100%| E|CS|TAMS 0x00000000efa00000| PB 0x00000000efa00000| Complete |  0
| 251|0x00000000efb00000, 0x00000000efc00000, 0x00000000efc00000|100%| E|CS|TAMS 0x00000000efb00000| PB 0x00000000efb00000| Complete |  0
| 252|0x00000000efc00000, 0x00000000efd00000, 0x00000000efd00000|100%| E|CS|TAMS 0x00000000efc00000| PB 0x00000000efc00000| Complete |  0
| 253|0x00000000efd00000, 0x00000000efe00000, 0x00000000efe00000|100%| E|CS|TAMS 0x00000000efd00000| PB 0x00000000efd00000| Complete |  0
| 254|0x00000000efe00000, 0x00000000eff00000, 0x00000000eff00000|100%| E|CS|TAMS 0x00000000efe00000| PB 0x00000000efe00000| Complete |  0
| 255|0x00000000eff00000, 0x00000000f0000000, 0x00000000f0000000|100%| E|CS|TAMS 0x00000000eff00000| PB 0x00000000eff00000| Complete |  0
| 510|0x00000000ffe00000, 0x00000000fff00000, 0x00000000fff00000|100%| O|  |TAMS 0x00000000ffe00000| PB 0x00000000ffe00000| Untracked |  0
| 511|0x00000000fff00000, 0x00000000fff24e30, 0x0000000100000000| 14%| O|  |TAMS 0x00000000fff00000| PB 0x00000000fff00000| Untracked |  0

Card table byte_map: [0x0000029ea6f90000,0x0000029ea7090000] _byte_map_base: 0x0000029ea6890000

Marking Bits: (CMBitMap*) 0x0000029e8ccecf10
 Bits: [0x0000029ea7090000, 0x0000029ea7890000)

Polling page: 0x0000029e8c980000

Metaspace:
Metaspace        used 18538K, committed 19136K, reserved 393216K
 class space     used 1828K, committed 2112K, reserved 327680K

Usage:
  Non-class:     16.32 MB used.
      Class:      1.79 MB used.
       Both:     18.10 MB used.

Virtual space:
  Non-class space:       64.00 MB reserved,      16.62 MB ( 26%) committed,  1 nodes.
      Class space:      320.00 MB reserved,       2.06 MB ( <1%) committed,  1 nodes.
             Both:      384.00 MB reserved,      18.69 MB (  5%) committed. 

Chunk freelists:
   Non-Class:  14.53 MB
       Class:  13.84 MB
        Both:  28.38 MB

MaxMetaspaceSize: 384.00 MB
CompressedClassSpaceSize: 320.00 MB
Initial GC threshold: 21.00 MB
Current GC threshold: 21.00 MB
CDS: on
 - commit_granule_bytes: 65536.
 - commit_granule_words: 8192.
 - virtual_space_node_default_size: 8388608.
 - enlarge_chunks_in_place: 1.
UseCompressedClassPointers 1, UseCompactObjectHeaders 0
Narrow klass pointer bits 32, Max shift 3
Narrow klass base: 0x0000000044000000, Narrow klass shift: 0
Encoding Range: [0x0000000044000000 - 0x0000000144000000), (4294967296 bytes)
Klass Range:    [0x0000000044010000 - 0x0000000059000000), (352256000 bytes)
Klass ID Range:  [65536 - 352321529) (352255993)
Protection zone: [0x0000000044000000 - 0x0000000044010000), (65536 bytes)


Internal statistics:

num_allocs_failed_limit: 0.
num_arena_births: 646.
num_arena_deaths: 0.
num_vsnodes_births: 2.
num_vsnodes_deaths: 0.
num_space_committed: 299.
num_space_uncommitted: 0.
num_chunks_returned_to_freelist: 0.
num_chunks_taken_from_freelist: 1307.
num_chunk_merges: 0.
num_chunk_splits: 862.
num_chunks_enlarged: 595.
num_inconsistent_stats: 0.

CodeHeap 'non-profiled nmethods': size=119232Kb used=1079Kb max_used=1079Kb free=118152Kb
 bounds [0x0000029e9e950000, 0x0000029e9ebc0000, 0x0000029ea5dc0000]
CodeHeap 'profiled nmethods': size=119104Kb used=5355Kb max_used=5355Kb free=113748Kb
 bounds [0x0000029e96dc0000, 0x0000029e97300000, 0x0000029e9e210000]
CodeHeap 'non-nmethods': size=7424Kb used=2611Kb max_used=3218Kb free=4812Kb
 bounds [0x0000029e9e210000, 0x0000029e9e540000, 0x0000029e9e950000]
CodeCache: size=245760Kb, used=9045Kb, max_used=9652Kb, free=236712Kb
 total_blobs=3942, nmethods=3326, adapters=516, full_count=0
Compilation: enabled, stopped_count=0, restarted_count=0

Compilation events (20 events):
Event: 4.547 Thread 0x0000029eaa8e2370 3302       3       java.util.concurrent.locks.ReentrantLock$NonfairSync::tryAcquire (27 bytes)
Event: 4.547 Thread 0x0000029eaa9ae3e0 nmethod 3290 0x0000029e972e4188 code [0x0000029e972e4280, 0x0000029e972e4800]
Event: 4.547 Thread 0x0000029eaa9ae3e0 3297       3       java.util.stream.StreamSupport::stream (19 bytes)
Event: 4.547 Thread 0x0000029eaa8e2370 nmethod 3302 0x0000029e972e4808 code [0x0000029e972e4900, 0x0000029e972e4ce0]
Event: 4.547 Thread 0x0000029eaa8e2370 3298       3       java.util.stream.StreamOpFlag::fromCharacteristics (37 bytes)
Event: 4.547 Thread 0x0000029eaa9ae3e0 nmethod 3297 0x0000029e972e4d08 code [0x0000029e972e4e00, 0x0000029e972e5220]
Event: 4.547 Thread 0x0000029eaa9ae3e0 3299       3       java.util.stream.ReferencePipeline$Head::<init> (8 bytes)
Event: 4.547 Thread 0x0000029eaa8e2370 nmethod 3298 0x0000029e972e5288 code [0x0000029e972e5380, 0x0000029e972e5690]
Event: 4.547 Thread 0x0000029eaa8e2370 3300       3       java.util.stream.ReferencePipeline::<init> (8 bytes)
Event: 4.548 Thread 0x0000029eaa8e2370 nmethod 3300 0x0000029e972e5708 code [0x0000029e972e5800, 0x0000029e972e5930]
Event: 4.548 Thread 0x0000029eaa8e2370 3301       3       java.util.stream.AbstractPipeline::<init> (55 bytes)
Event: 4.548 Thread 0x0000029eaa9ae3e0 nmethod 3299 0x0000029e972e5a08 code [0x0000029e972e5b00, 0x0000029e972e5c90]
Event: 4.548 Thread 0x0000029eaa9ae3e0 3303       3       jdk.internal.misc.Unsafe::getAndBitwiseAndInt (27 bytes)
Event: 4.548 Thread 0x0000029eaa8e2370 nmethod 3301 0x0000029e972e5d08 code [0x0000029e972e5e00, 0x0000029e972e60d0]
Event: 4.548 Thread 0x0000029eaa8e2370 3295       3       java.util.stream.StreamOpFlag::combineOpFlags (9 bytes)
Event: 4.548 Thread 0x0000029eaa8e2370 nmethod 3295 0x0000029e972e6108 code [0x0000029e972e6200, 0x0000029e972e63a8]
Event: 4.548 Thread 0x0000029eaa8e2370 3296       3       java.util.stream.StreamOpFlag::getMask (30 bytes)
Event: 4.548 Thread 0x0000029eaa9ae3e0 nmethod 3303 0x0000029e972e6408 code [0x0000029e972e6500, 0x0000029e972e6798]
Event: 4.548 Thread 0x0000029eaa8e2370 nmethod 3296 0x0000029e972e6808 code [0x0000029e972e6900, 0x0000029e972e6a68]
Event: 4.548 Thread 0x0000029eaa949af0 nmethod 3293 0x0000029e972e6b08 code [0x0000029e972e6c00, 0x0000029e972e7490]

GC Heap Usage History (4 events):
Event: 0.988 {heap Before GC invocations=0 (full 0):
 garbage-first heap   total reserved 524288K, committed 264192K, used 52371K [0x00000000e0000000, 0x0000000100000000)
  region size 1024K, 47 young (48128K), 0 survivors (0K)
}
Event: 0.991 {heap After GC invocations=1 (full 0):
 garbage-first heap   total reserved 524288K, committed 264192K, used 12241K [0x00000000e0000000, 0x0000000100000000)
  region size 1024K, 6 young (6144K), 6 survivors (6144K)
}
Event: 2.148 {heap Before GC invocations=1 (full 0):
 garbage-first heap   total reserved 524288K, committed 264192K, used 121809K [0x00000000e0000000, 0x0000000100000000)
  region size 1024K, 112 young (114688K), 6 survivors (6144K)
}
Event: 2.157 {heap After GC invocations=2 (full 0):
 garbage-first heap   total reserved 524288K, committed 264192K, used 21894K [0x00000000e0000000, 0x0000000100000000)
  region size 1024K, 14 young (14336K), 14 survivors (14336K)
}

Metaspace Usage History (4 events):
Event: 0.988 {metaspace Before GC invocations=0 (full 0):
 Metaspace       used 4582K, committed 4736K, reserved 393216K
  class space    used 391K, committed 448K, reserved 327680K
}
Event: 0.991 {metaspace After GC invocations=1 (full 0):
 Metaspace       used 4582K, committed 4736K, reserved 393216K
  class space    used 391K, committed 448K, reserved 327680K
}
Event: 2.148 {metaspace Before GC invocations=1 (full 0):
 Metaspace       used 14635K, committed 15040K, reserved 393216K
  class space    used 1472K, committed 1664K, reserved 327680K
}
Event: 2.157 {metaspace After GC invocations=2 (full 0):
 Metaspace       used 14635K, committed 15040K, reserved 393216K
  class space    used 1472K, committed 1664K, reserved 327680K
}

Dll operation events (14 events):
Event: 0.014 Loaded shared library C:\Users\pauet\.jdks\openjdk-25\bin\java.dll
Event: 0.367 Loaded shared library C:\Users\pauet\.jdks\openjdk-25\bin\zip.dll
Event: 0.370 Loaded shared library C:\Users\pauet\.jdks\openjdk-25\bin\instrument.dll
Event: 0.373 Loaded shared library C:\Users\pauet\.jdks\openjdk-25\bin\net.dll
Event: 0.374 Loaded shared library C:\Users\pauet\.jdks\openjdk-25\bin\nio.dll
Event: 0.377 Loaded shared library C:\Users\pauet\.jdks\openjdk-25\bin\zip.dll
Event: 0.576 Loaded shared library C:\Users\pauet\.jdks\openjdk-25\bin\jimage.dll
Event: 0.733 Loaded shared library C:\Users\pauet\.jdks\openjdk-25\bin\verify.dll
Event: 0.753 Loaded shared library C:\Users\pauet\.gradle\native\660c5614fbf4a5f2a75b1949f50a0caf5cd603558e7d8a26e50b933a0cfb79d1\windows-amd64\native-platform.dll
Event: 0.761 Loaded shared library C:\Users\pauet\.gradle\native\0.2.8\x86_64-windows-gnu\gradle-fileevents.dll
Event: 1.487 Loaded shared library C:\Users\pauet\.jdks\openjdk-25\bin\management.dll
Event: 1.488 Loaded shared library C:\Users\pauet\.jdks\openjdk-25\bin\management_ext.dll
Event: 1.615 Loaded shared library C:\Users\pauet\.jdks\openjdk-25\bin\extnet.dll
Event: 1.805 Loaded shared library C:\Users\pauet\.jdks\openjdk-25\bin\sunmscapi.dll

Deoptimization events (20 events):
Event: 2.159 Thread 0x0000029eb0a02ef0 DEOPT PACKING pc=0x0000029e9e9edb74 sp=0x000000cd235fbaa0
Event: 2.159 Thread 0x0000029eb0a02ef0 DEOPT UNPACKING pc=0x0000029e9e330d02 sp=0x000000cd235fba58 mode 2
Event: 2.180 Thread 0x0000029eb0a02ef0 Uncommon trap: trap_request=0xffffff45 fr.pc=0x0000029e9e982f88 relative=0x0000000000000408
Event: 2.180 Thread 0x0000029eb0a02ef0 Uncommon trap: reason=unstable_if action=reinterpret pc=0x0000029e9e982f88 method=java.util.regex.Matcher.match(II)Z @ 76 c2
Event: 2.180 Thread 0x0000029eb0a02ef0 DEOPT PACKING pc=0x0000029e9e982f88 sp=0x000000cd235facf0
Event: 2.180 Thread 0x0000029eb0a02ef0 DEOPT UNPACKING pc=0x0000029e9e330d02 sp=0x000000cd235faca8 mode 2
Event: 2.185 Thread 0x0000029eb0a02ef0 DEOPT PACKING pc=0x0000029e96e8520f sp=0x000000cd235fa950
Event: 2.185 Thread 0x0000029eb0a02ef0 DEOPT UNPACKING pc=0x0000029e9e261702 sp=0x000000cd235f9de8 mode 0
Event: 2.369 Thread 0x0000029eb0a02ef0 Uncommon trap: trap_request=0xffffff45 fr.pc=0x0000029e9e9756a8 relative=0x0000000000000b28
Event: 2.369 Thread 0x0000029eb0a02ef0 Uncommon trap: reason=unstable_if action=reinterpret pc=0x0000029e9e9756a8 method=java.io.WinNTFileSystem.resolve(Ljava/lang/String;Ljava/lang/String;)Ljava/lang/String; @ 42 c2
Event: 2.369 Thread 0x0000029eb0a02ef0 DEOPT PACKING pc=0x0000029e9e9756a8 sp=0x000000cd235fb340
Event: 2.369 Thread 0x0000029eb0a02ef0 DEOPT UNPACKING pc=0x0000029e9e330d02 sp=0x000000cd235fb2b8 mode 2
Event: 2.371 Thread 0x0000029eb0a02ef0 Uncommon trap: trap_request=0xffffff45 fr.pc=0x0000029e9e97d0c8 relative=0x0000000000000548
Event: 2.371 Thread 0x0000029eb0a02ef0 Uncommon trap: reason=unstable_if action=reinterpret pc=0x0000029e9e97d0c8 method=java.io.File.getName()Ljava/lang/String; @ 16 c2
Event: 2.371 Thread 0x0000029eb0a02ef0 DEOPT PACKING pc=0x0000029e9e97d0c8 sp=0x000000cd235fb310
Event: 2.371 Thread 0x0000029eb0a02ef0 DEOPT UNPACKING pc=0x0000029e9e330d02 sp=0x000000cd235fb2e0 mode 2
Event: 2.433 Thread 0x0000029eb0a02ef0 Uncommon trap: trap_request=0xffffff45 fr.pc=0x0000029e9e97855c relative=0x00000000000000dc
Event: 2.433 Thread 0x0000029eb0a02ef0 Uncommon trap: reason=unstable_if action=reinterpret pc=0x0000029e9e97855c method=java.util.HashMap.hash(Ljava/lang/Object;)I @ 1 c2
Event: 2.433 Thread 0x0000029eb0a02ef0 DEOPT PACKING pc=0x0000029e9e97855c sp=0x000000cd235fc180
Event: 2.433 Thread 0x0000029eb0a02ef0 DEOPT UNPACKING pc=0x0000029e9e330d02 sp=0x000000cd235fc0c0 mode 2

Classes loaded (20 events):
Event: 2.488 Loading class java/lang/invoke/BoundMethodHandle$Species_LLLLLLLLLLLLLLLLL
Event: 2.488 Loading class java/lang/invoke/BoundMethodHandle$Species_LLLLLLLLLLLLLLLLL done
Event: 2.489 Loading class java/lang/invoke/BoundMethodHandle$Species_LLLLLLLLLLLLLLLLLL
Event: 2.489 Loading class java/lang/invoke/BoundMethodHandle$Species_LLLLLLLLLLLLLLLLLL done
Event: 2.490 Loading class java/lang/invoke/BoundMethodHandle$Species_LLLLLLLLLLLLLLLLLLL
Event: 2.490 Loading class java/lang/invoke/BoundMethodHandle$Species_LLLLLLLLLLLLLLLLLLL done
Event: 2.492 Loading class java/lang/invoke/BoundMethodHandle$Species_LLLLLLLLLLLLLLLLLLLL
Event: 2.492 Loading class java/lang/invoke/BoundMethodHandle$Species_LLLLLLLLLLLLLLLLLLLL done
Event: 2.493 Loading class java/lang/invoke/BoundMethodHandle$Species_LLLLLLLLLLLLLLLLLLLLL
Event: 2.493 Loading class java/lang/invoke/BoundMethodHandle$Species_LLLLLLLLLLLLLLLLLLLLL done
Event: 2.495 Loading class java/lang/invoke/BoundMethodHandle$Species_LLLLLLLLLLLLLLLLLLLLLL
Event: 2.495 Loading class java/lang/invoke/BoundMethodHandle$Species_LLLLLLLLLLLLLLLLLLLLLL done
Event: 2.496 Loading class java/lang/invoke/BoundMethodHandle$Species_LLLLLLLLLLLLLLLLLLLLLLL
Event: 2.496 Loading class java/lang/invoke/BoundMethodHandle$Species_LLLLLLLLLLLLLLLLLLLLLLL done
Event: 2.512 Loading class java/lang/management/MemoryType
Event: 2.512 Loading class java/lang/management/MemoryType done
Event: 2.512 Loading class java/lang/management/MemoryUsage
Event: 2.513 Loading class java/lang/management/MemoryUsage done
Event: 2.513 Loading class java/util/concurrent/LinkedBlockingDeque$Node
Event: 2.513 Loading class java/util/concurrent/LinkedBlockingDeque$Node done

Classes unloaded (0 events):
No events

Classes redefined (0 events):
No events

Internal exceptions (20 events):
Event: 2.349 Thread 0x0000029eb0a02ef0 Exception <a 'java/lang/NoSuchMethodError'{0x00000000ef939568}: 'java.lang.Object java.lang.invoke.Invokers$Holder.invoker(java.lang.Object, java.lang.Object)'> (0x00000000ef939568) 
thrown [s\open\src\hotspot\share\interpreter\linkResolver.cpp, line 804]
Event: 2.356 Thread 0x0000029eb0a02ef0 Exception <a 'java/lang/NoSuchMethodError'{0x00000000ef969088}: 'java.lang.Object java.lang.invoke.DirectMethodHandle$Holder.invokeVirtual(java.lang.Object, java.lang.Object, java.lang.Object, java.lang.Object, java.lang.Object, java.lang.Object, java.lang.Object, java.lang.Object, java.lang.Object, java.lang.Object)'> (0x00000000ef969088) 
thrown [s\open\src\hotspot\share\interpreter\linkResolver.cpp, line 804]
Event: 2.380 Thread 0x0000029eb0a02ef0 Exception <a 'java/lang/NoSuchMethodError'{0x00000000ef828990}: 'void java.lang.invoke.DirectMethodHandle$Holder.invokeStatic(java.lang.Object, java.lang.Object, java.lang.Object, java.lang.Object)'> (0x00000000ef828990) 
thrown [s\open\src\hotspot\share\interpreter\linkResolver.cpp, line 804]
Event: 2.380 Thread 0x0000029eb0a02ef0 Exception <a 'java/lang/NoSuchMethodError'{0x00000000ef831398}: 'void java.lang.invoke.DirectMethodHandle$Holder.invokeStaticInit(java.lang.Object, java.lang.Object, java.lang.Object, java.lang.Object)'> (0x00000000ef831398) 
thrown [s\open\src\hotspot\share\interpreter\linkResolver.cpp, line 804]
Event: 2.389 Thread 0x0000029eb0a02ef0 Exception <a 'java/lang/NoSuchMethodError'{0x00000000ef88e158}: 'java.lang.Object java.lang.invoke.DirectMethodHandle$Holder.invokeInterface(java.lang.Object, java.lang.Object, java.lang.Object)'> (0x00000000ef88e158) 
thrown [s\open\src\hotspot\share\interpreter\linkResolver.cpp, line 804]
Event: 2.410 Thread 0x0000029eb0a02ef0 Exception <a 'java/lang/NoSuchMethodError'{0x00000000ef7c35c0}: 'int java.lang.invoke.DirectMethodHandle$Holder.invokeSpecialIFC(java.lang.Object, java.lang.Object, java.lang.Object, java.lang.Object)'> (0x00000000ef7c35c0) 
thrown [s\open\src\hotspot\share\interpreter\linkResolver.cpp, line 804]
Event: 2.411 Thread 0x0000029eb0a02ef0 Exception <a 'java/lang/IncompatibleClassChangeError'{0x00000000ef7e9f80}: Found class java.lang.Object, but interface was expected> (0x00000000ef7e9f80) 
thrown [s\open\src\hotspot\share\interpreter\linkResolver.cpp, line 871]
Event: 2.433 Thread 0x0000029eb0a02ef0 Implicit null exception at 0x0000029e9e9784b6 to 0x0000029e9e978552
Event: 2.480 Thread 0x0000029eb0a02ef0 Exception <a 'java/lang/NoSuchMethodError'{0x00000000ef3ca960}: 'java.lang.Object java.lang.invoke.DelegatingMethodHandle$Holder.reinvoke_L(java.lang.Object, java.lang.Object, java.lang.Object, java.lang.Object, java.lang.Object, java.lang.Object, java.lang.Object, java.lang.Object, java.lang.Object, java.lang.Object, java.lang.Object, java.lang.Object, java.lang.Object, java.lang.Object, java.lang.Object, java.lang.Object, java.lang.Object, java.lang.Object, java.lang.Object, java.lang.Object, java.lang.O
Event: 2.484 Thread 0x0000029eb0a02ef0 Exception <a 'java/lang/NoSuchMethodError'{0x00000000ef27c020}: 'java.lang.Object java.lang.invoke.DirectMethodHandle$Holder.invokeStatic(java.lang.Object, java.lang.Object, java.lang.Object, java.lang.Object, java.lang.Object, java.lang.Object, java.lang.Object, java.lang.Object, java.lang.Object, java.lang.Object, java.lang.Object, java.lang.Object, java.lang.Object, java.lang.Object, java.lang.Object, java.lang.Object, java.lang.Object)'> (0x00000000ef27c020) 
thrown [s\open\src\hotspot\share\interprete
Event: 2.486 Thread 0x0000029eb0a02ef0 Exception <a 'java/lang/NoSuchMethodError'{0x00000000ef2ae020}: 'java.lang.Object java.lang.invoke.DirectMethodHandle$Holder.invokeStatic(java.lang.Object, java.lang.Object, java.lang.Object, java.lang.Object, java.lang.Object, java.lang.Object, java.lang.Object, java.lang.Object, java.lang.Object, java.lang.Object, java.lang.Object, java.lang.Object, java.lang.Object, java.lang.Object, java.lang.Object, java.lang.Object, java.lang.Object, java.lang.Object)'> (0x00000000ef2ae020) 
thrown [s\open\src\hotspo
Event: 2.488 Thread 0x0000029eb0a02ef0 Exception <a 'java/lang/NoSuchMethodError'{0x00000000ef2e1020}: 'java.lang.Object java.lang.invoke.DirectMethodHandle$Holder.invokeStatic(java.lang.Object, java.lang.Object, java.lang.Object, java.lang.Object, java.lang.Object, java.lang.Object, java.lang.Object, java.lang.Object, java.lang.Object, java.lang.Object, java.lang.Object, java.lang.Object, java.lang.Object, java.lang.Object, java.lang.Object, java.lang.Object, java.lang.Object, java.lang.Object, java.lang.Object)'> (0x00000000ef2e1020) 
thrown 
Event: 2.489 Thread 0x0000029eb0a02ef0 Exception <a 'java/lang/NoSuchMethodError'{0x00000000ef115710}: 'java.lang.Object java.lang.invoke.DirectMethodHandle$Holder.invokeStatic(java.lang.Object, java.lang.Object, java.lang.Object, java.lang.Object, java.lang.Object, java.lang.Object, java.lang.Object, java.lang.Object, java.lang.Object, java.lang.Object, java.lang.Object, java.lang.Object, java.lang.Object, java.lang.Object, java.lang.Object, java.lang.Object, java.lang.Object, java.lang.Object, java.lang.Object, java.lang.Object)'> (0x00000000
Event: 2.490 Thread 0x0000029eb0a02ef0 Exception <a 'java/lang/NoSuchMethodError'{0x00000000ef14a850}: 'java.lang.Object java.lang.invoke.DirectMethodHandle$Holder.invokeStatic(java.lang.Object, java.lang.Object, java.lang.Object, java.lang.Object, java.lang.Object, java.lang.Object, java.lang.Object, java.lang.Object, java.lang.Object, java.lang.Object, java.lang.Object, java.lang.Object, java.lang.Object, java.lang.Object, java.lang.Object, java.lang.Object, java.lang.Object, java.lang.Object, java.lang.Object, java.lang.Object, java.lang.Obj
Event: 2.491 Thread 0x0000029eb0a02ef0 Exception <a 'java/lang/NoSuchMethodError'{0x00000000ef180990}: 'java.lang.Object java.lang.invoke.DirectMethodHandle$Holder.invokeStatic(java.lang.Object, java.lang.Object, java.lang.Object, java.lang.Object, java.lang.Object, java.lang.Object, java.lang.Object, java.lang.Object, java.lang.Object, java.lang.Object, java.lang.Object, java.lang.Object, java.lang.Object, java.lang.Object, java.lang.Object, java.lang.Object, java.lang.Object, java.lang.Object, java.lang.Object, java.lang.Object, java.lang.Obj
Event: 2.492 Thread 0x0000029eb0a02ef0 Exception <a 'java/lang/NoSuchMethodError'{0x00000000ef1b7530}: 'java.lang.Object java.lang.invoke.DirectMethodHandle$Holder.invokeStatic(java.lang.Object, java.lang.Object, java.lang.Object, java.lang.Object, java.lang.Object, java.lang.Object, java.lang.Object, java.lang.Object, java.lang.Object, java.lang.Object, java.lang.Object, java.lang.Object, java.lang.Object, java.lang.Object, java.lang.Object, java.lang.Object, java.lang.Object, java.lang.Object, java.lang.Object, java.lang.Object, java.lang.Obj
Event: 2.494 Thread 0x0000029eb0a02ef0 Exception <a 'java/lang/NoSuchMethodError'{0x00000000ef1ef818}: 'java.lang.Object java.lang.invoke.DirectMethodHandle$Holder.invokeStatic(java.lang.Object, java.lang.Object, java.lang.Object, java.lang.Object, java.lang.Object, java.lang.Object, java.lang.Object, java.lang.Object, java.lang.Object, java.lang.Object, java.lang.Object, java.lang.Object, java.lang.Object, java.lang.Object, java.lang.Object, java.lang.Object, java.lang.Object, java.lang.Object, java.lang.Object, java.lang.Object, java.lang.Obj
Event: 2.495 Thread 0x0000029eb0a02ef0 Exception <a 'java/lang/NoSuchMethodError'{0x00000000ef029090}: 'java.lang.Object java.lang.invoke.DirectMethodHandle$Holder.invokeStatic(java.lang.Object, java.lang.Object, java.lang.Object, java.lang.Object, java.lang.Object, java.lang.Object, java.lang.Object, java.lang.Object, java.lang.Object, java.lang.Object, java.lang.Object, java.lang.Object, java.lang.Object, java.lang.Object, java.lang.Object, java.lang.Object, java.lang.Object, java.lang.Object, java.lang.Object, java.lang.Object, java.lang.Obj
Event: 2.497 Thread 0x0000029eb0a02ef0 Exception <a 'java/lang/NoSuchMethodError'{0x00000000ef063230}: 'java.lang.Object java.lang.invoke.DirectMethodHandle$Holder.invokeStatic(java.lang.Object, java.lang.Object, java.lang.Object, java.lang.Object, java.lang.Object, java.lang.Object, java.lang.Object, java.lang.Object, java.lang.Object, java.lang.Object, java.lang.Object, java.lang.Object, java.lang.Object, java.lang.Object, java.lang.Object, java.lang.Object, java.lang.Object, java.lang.Object, java.lang.Object, java.lang.Object, java.lang.Obj
Event: 2.522 Thread 0x0000029eb0a02ef0 Exception <a 'java/lang/IncompatibleClassChangeError'{0x00000000eefa9938}: Found class java.lang.Object, but interface was expected> (0x00000000eefa9938) 
thrown [s\open\src\hotspot\share\interpreter\linkResolver.cpp, line 871]

VM Operations (20 events):
Event: 1.507 Executing non-safepoint VM operation: HandshakeAllThreads (Deoptimize)
Event: 1.507 Executing non-safepoint VM operation: HandshakeAllThreads (Deoptimize) done
Event: 1.558 Executing non-safepoint VM operation: HandshakeAllThreads (Deoptimize)
Event: 1.559 Executing non-safepoint VM operation: HandshakeAllThreads (Deoptimize) done
Event: 1.636 Executing non-safepoint VM operation: HandshakeAllThreads (Deoptimize)
Event: 1.636 Executing non-safepoint VM operation: HandshakeAllThreads (Deoptimize) done
Event: 1.701 Executing non-safepoint VM operation: HandshakeAllThreads (Deoptimize)
Event: 1.701 Executing non-safepoint VM operation: HandshakeAllThreads (Deoptimize) done
Event: 1.730 Executing non-safepoint VM operation: HandshakeAllThreads (Deoptimize)
Event: 1.730 Executing non-safepoint VM operation: HandshakeAllThreads (Deoptimize) done
Event: 1.791 Executing non-safepoint VM operation: HandshakeAllThreads (Deoptimize)
Event: 1.791 Executing non-safepoint VM operation: HandshakeAllThreads (Deoptimize) done
Event: 2.045 Executing non-safepoint VM operation: HandshakeAllThreads (Deoptimize)
Event: 2.045 Executing non-safepoint VM operation: HandshakeAllThreads (Deoptimize) done
Event: 2.147 Executing safepoint VM operation: G1CollectForAllocation (G1 Evacuation Pause)
Event: 2.157 Executing safepoint VM operation: G1CollectForAllocation (G1 Evacuation Pause) done
Event: 2.505 Executing non-safepoint VM operation: HandshakeAllThreads (Deoptimize)
Event: 2.505 Executing non-safepoint VM operation: HandshakeAllThreads (Deoptimize) done
Event: 2.506 Executing non-safepoint VM operation: HandshakeAllThreads (Deoptimize)
Event: 2.506 Executing non-safepoint VM operation: HandshakeAllThreads (Deoptimize) done

Memory protections (0 events):
No events

Nmethod flushes (0 events):
No events

Events (20 events):
Event: 0.572 Thread 0x0000029eaa911240 Thread added: 0x0000029eaadb5230
Event: 0.572 Thread 0x0000029eaa911240 Thread added: 0x0000029eaadb5a40
Event: 1.510 Thread 0x0000029e8ccbe660 Thread added: 0x0000029eafd92540
Event: 1.748 Thread 0x0000029e8ccbe660 Thread added: 0x0000029eafd8fe30
Event: 1.791 Thread 0x0000029e8ccbe660 Thread added: 0x0000029eafd91d70
Event: 1.822 Thread 0x0000029eafd8fe30 Thread added: 0x0000029eb0a02720
Event: 1.824 Thread 0x0000029eb0a02720 Thread added: 0x0000029eb0a04660
Event: 1.844 Thread 0x0000029eb0a02720 Thread added: 0x0000029eb0a05dd0
Event: 1.850 Thread 0x0000029eb0a02720 Thread added: 0x0000029eb0a02ef0
Event: 1.857 Thread 0x0000029eb0a02ef0 Thread added: 0x0000029eb0a04e30
Event: 1.872 Thread 0x0000029eb0a02ef0 Thread added: 0x0000029eb0a03e90
Event: 1.877 Thread 0x0000029eb0a02ef0 Thread added: 0x0000029eb0a084e0
Event: 2.074 Thread 0x0000029eaadb5a40 Thread exited: 0x0000029eaadb5a40
Event: 2.074 Thread 0x0000029eaadb5230 Thread exited: 0x0000029eaadb5230
Event: 2.162 Thread 0x0000029eb0a02ef0 Thread added: 0x0000029eb0ecbcc0
Event: 2.168 Thread 0x0000029eb0a02ef0 Thread added: 0x0000029eb0eca550
Event: 2.211 Thread 0x0000029eb0a02ef0 Thread added: 0x0000029eb0ecd430
Event: 2.346 Thread 0x0000029eaadb15e0 Thread exited: 0x0000029eaadb15e0
Event: 2.490 Thread 0x0000029eaa8e2370 Thread added: 0x0000029eaf1563e0
Event: 4.109 Thread 0x0000029eaaa0c450 Thread exited: 0x0000029eaaa0c450


Dynamic libraries:
0x00007ff608f80000 - 0x00007ff608f8e000 	C:\Users\pauet\.jdks\openjdk-25\bin\java.exe
0x00007ffe7dfa0000 - 0x00007ffe7e207000 	C:\Windows\SYSTEM32\ntdll.dll
0x00007ffe7d4e0000 - 0x00007ffe7d5a9000 	C:\Windows\System32\KERNEL32.DLL
0x00007ffe7b0f0000 - 0x00007ffe7b4df000 	C:\Windows\System32\KERNELBASE.dll
0x00007ffe7b900000 - 0x00007ffe7ba4b000 	C:\Windows\System32\ucrtbase.dll
0x00007ffe4be60000 - 0x00007ffe4be77000 	C:\Users\pauet\.jdks\openjdk-25\bin\jli.dll
0x00007ffe7c410000 - 0x00007ffe7c5d5000 	C:\Windows\System32\USER32.dll
0x00007ffe7b8d0000 - 0x00007ffe7b8f7000 	C:\Windows\System32\win32u.dll
0x00007ffe7c930000 - 0x00007ffe7c95b000 	C:\Windows\System32\GDI32.dll
0x00007ffe7b7a0000 - 0x00007ffe7b8cc000 	C:\Windows\System32\gdi32full.dll
0x00007ffe7b5b0000 - 0x00007ffe7b653000 	C:\Windows\System32\msvcp_win.dll
0x00007ffe466f0000 - 0x00007ffe4670e000 	C:\Users\pauet\.jdks\openjdk-25\bin\VCRUNTIME140.dll
0x00007ffe64ad0000 - 0x00007ffe64d63000 	C:\Windows\WinSxS\amd64_microsoft.windows.common-controls_6595b64144ccf1df_6.0.26100.7309_none_3e05feeae336a044\COMCTL32.dll
0x00007ffe7deb0000 - 0x00007ffe7df59000 	C:\Windows\System32\msvcrt.dll
0x00007ffe7c3d0000 - 0x00007ffe7c401000 	C:\Windows\System32\IMM32.DLL
0x00007ffe614f0000 - 0x00007ffe614fc000 	C:\Users\pauet\.jdks\openjdk-25\bin\vcruntime140_1.dll
0x00007ffe330e0000 - 0x00007ffe3316d000 	C:\Users\pauet\.jdks\openjdk-25\bin\msvcp140.dll
0x00007ffdb8e10000 - 0x00007ffdb9c6f000 	C:\Users\pauet\.jdks\openjdk-25\bin\server\jvm.dll
0x00007ffe7dc70000 - 0x00007ffe7dd24000 	C:\Windows\System32\ADVAPI32.dll
0x00007ffe7da10000 - 0x00007ffe7dab6000 	C:\Windows\System32\sechost.dll
0x00007ffe7c2b0000 - 0x00007ffe7c3c8000 	C:\Windows\System32\RPCRT4.dll
0x00007ffe7c220000 - 0x00007ffe7c294000 	C:\Windows\System32\WS2_32.dll
0x00007ffe79e50000 - 0x00007ffe79eae000 	C:\Windows\SYSTEM32\POWRPROF.dll
0x00007ffe721d0000 - 0x00007ffe72205000 	C:\Windows\SYSTEM32\WINMM.dll
0x00007ffe62fb0000 - 0x00007ffe62fbb000 	C:\Windows\SYSTEM32\VERSION.dll
0x00007ffe79e30000 - 0x00007ffe79e44000 	C:\Windows\SYSTEM32\UMPDC.dll
0x00007ffe79fc0000 - 0x00007ffe79fdb000 	C:\Windows\SYSTEM32\kernel.appcore.dll
0x00007ffe61180000 - 0x00007ffe6118a000 	C:\Users\pauet\.jdks\openjdk-25\bin\jimage.dll
0x00007ffe78700000 - 0x00007ffe78942000 	C:\Windows\SYSTEM32\DBGHELP.DLL
0x00007ffe7d5c0000 - 0x00007ffe7d945000 	C:\Windows\System32\combase.dll
0x00007ffe7d360000 - 0x00007ffe7d436000 	C:\Windows\System32\OLEAUT32.dll
0x00007ffe5caa0000 - 0x00007ffe5cadc000 	C:\Windows\SYSTEM32\dbgcore.DLL
0x00007ffe7b6f0000 - 0x00007ffe7b795000 	C:\Windows\System32\bcryptPrimitives.dll
0x00007ffe5d790000 - 0x00007ffe5d7a0000 	C:\Users\pauet\.jdks\openjdk-25\bin\instrument.dll
0x00007ffe436b0000 - 0x00007ffe436cf000 	C:\Users\pauet\.jdks\openjdk-25\bin\java.dll
0x00007ffe7d1c0000 - 0x00007ffe7d357000 	C:\Windows\System32\ole32.dll
0x00007ffe7ca60000 - 0x00007ffe7d1b3000 	C:\Windows\System32\SHELL32.dll
0x00007ffe7ba50000 - 0x00007ffe7bbba000 	C:\Windows\System32\wintypes.dll
0x00007ffe78cf0000 - 0x00007ffe7954e000 	C:\Windows\SYSTEM32\windows.storage.dll
0x00007ffe7c960000 - 0x00007ffe7ca55000 	C:\Windows\System32\SHCORE.dll
0x00007ffe7d470000 - 0x00007ffe7d4d6000 	C:\Windows\System32\shlwapi.dll
0x00007ffe7b010000 - 0x00007ffe7b039000 	C:\Windows\SYSTEM32\profapi.dll
0x00007ffe418a0000 - 0x00007ffe418b7000 	C:\Users\pauet\.jdks\openjdk-25\bin\zip.dll
0x00007ffe3f470000 - 0x00007ffe3f482000 	C:\Users\pauet\.jdks\openjdk-25\bin\net.dll
0x00007ffe7a530000 - 0x00007ffe7a59b000 	C:\Windows\system32\mswsock.dll
0x00007ffe3f2f0000 - 0x00007ffe3f306000 	C:\Users\pauet\.jdks\openjdk-25\bin\nio.dll
0x00007ffe5d650000 - 0x00007ffe5d660000 	C:\Users\pauet\.jdks\openjdk-25\bin\verify.dll
0x00007ffe3f310000 - 0x00007ffe3f337000 	C:\Users\pauet\.gradle\native\660c5614fbf4a5f2a75b1949f50a0caf5cd603558e7d8a26e50b933a0cfb79d1\windows-amd64\native-platform.dll
0x00007ffe31360000 - 0x00007ffe313d7000 	C:\Users\pauet\.gradle\native\0.2.8\x86_64-windows-gnu\gradle-fileevents.dll
0x00007ffe58d60000 - 0x00007ffe58d6a000 	C:\Users\pauet\.jdks\openjdk-25\bin\management.dll
0x00007ffe58820000 - 0x00007ffe5882c000 	C:\Users\pauet\.jdks\openjdk-25\bin\management_ext.dll
0x00007ffe7da00000 - 0x00007ffe7da08000 	C:\Windows\System32\PSAPI.DLL
0x00007ffe79940000 - 0x00007ffe79974000 	C:\Windows\SYSTEM32\IPHLPAPI.DLL
0x00007ffe7d5b0000 - 0x00007ffe7d5ba000 	C:\Windows\System32\NSI.dll
0x00007ffe56dc0000 - 0x00007ffe56dc9000 	C:\Users\pauet\.jdks\openjdk-25\bin\extnet.dll
0x00007ffe7a800000 - 0x00007ffe7a81b000 	C:\Windows\SYSTEM32\CRYPTSP.dll
0x00007ffe79f20000 - 0x00007ffe79f5a000 	C:\Windows\system32\rsaenh.dll
0x00007ffe7a5e0000 - 0x00007ffe7a60b000 	C:\Windows\SYSTEM32\USERENV.dll
0x00007ffe7afe0000 - 0x00007ffe7b00a000 	C:\Windows\SYSTEM32\bcrypt.dll
0x00007ffe7a7f0000 - 0x00007ffe7a7fc000 	C:\Windows\SYSTEM32\CRYPTBASE.dll
0x00007ffe4f810000 - 0x00007ffe4f81e000 	C:\Users\pauet\.jdks\openjdk-25\bin\sunmscapi.dll
0x00007ffe7bbc0000 - 0x00007ffe7bd37000 	C:\Windows\System32\CRYPT32.dll
0x00007ffe7aa10000 - 0x00007ffe7aa40000 	C:\Windows\SYSTEM32\ncrypt.dll
0x00007ffe7a9c0000 - 0x00007ffe7a9ff000 	C:\Windows\SYSTEM32\NTASN1.dll
0x00007ffe5dcf0000 - 0x00007ffe5dcf8000 	C:\Windows\system32\wshunix.dll

JVMTI agents:
C:\Users\pauet\.gradle\wrapper\dists\gradle-9.2.0-bin\11i5gvueggl8a5cioxuftxrik\gradle-9.2.0\lib\agents\gradle-instrumentation-agent-9.2.0.jar path:C:\Users\pauet\.jdks\openjdk-25\bin\instrument.dll, loaded, initialized, instrumentlib options:none

dbghelp: loaded successfully - version: 4.0.5 - missing functions: none
symbol engine: initialized successfully - sym options: 0x614 - pdb path: .;C:\Users\pauet\.jdks\openjdk-25\bin;C:\Windows\SYSTEM32;C:\Windows\WinSxS\amd64_microsoft.windows.common-controls_6595b64144ccf1df_6.0.26100.7309_none_3e05feeae336a044;C:\Users\pauet\.jdks\openjdk-25\bin\server;C:\Users\pauet\.gradle\native\660c5614fbf4a5f2a75b1949f50a0caf5cd603558e7d8a26e50b933a0cfb79d1\windows-amd64;C:\Users\pauet\.gradle\native\0.2.8\x86_64-windows-gnu

VM Arguments:
jvm_args: --add-opens=java.base/java.lang=ALL-UNNAMED --add-opens=java.base/java.lang.invoke=ALL-UNNAMED --add-opens=java.base/java.util=ALL-UNNAMED --add-opens=java.prefs/java.util.prefs=ALL-UNNAMED --add-exports=jdk.compiler/com.sun.tools.javac.api=ALL-UNNAMED --add-exports=jdk.compiler/com.sun.tools.javac.util=ALL-UNNAMED --add-opens=java.base/java.util=ALL-UNNAMED --add-opens=java.prefs/java.util.prefs=ALL-UNNAMED --add-opens=java.base/java.nio.charset=ALL-UNNAMED --add-opens=java.base/java.net=ALL-UNNAMED --add-opens=java.base/java.util.concurrent=ALL-UNNAMED --add-opens=java.base/java.util.concurrent.atomic=ALL-UNNAMED --add-opens=java.xml/javax.xml.namespace=ALL-UNNAMED --add-opens=java.base/java.time=ALL-UNNAMED --enable-native-access=ALL-UNNAMED -XX:MaxMetaspaceSize=384m -XX:+HeapDumpOnOutOfMemoryError -Xms256m -Xmx512m -Dfile.encoding=UTF-8 -Duser.country=ES -Duser.language=es -Duser.variant -javaagent:C:\Users\pauet\.gradle\wrapper\dists\gradle-9.2.0-bin\11i5gvueggl8a5cioxuftxrik\gradle-9.2.0\lib\agents\gradle-instrumentation-agent-9.2.0.jar 
java_command: org.gradle.launcher.daemon.bootstrap.GradleDaemon 9.2.0
java_class_path (initial): C:\Users\pauet\.gradle\wrapper\dists\gradle-9.2.0-bin\11i5gvueggl8a5cioxuftxrik\gradle-9.2.0\lib\gradle-daemon-main-9.2.0.jar
Launcher Type: SUN_STANDARD

[Global flags]
     intx CICompilerCount                          = 12                                        {product} {ergonomic}
   size_t CompressedClassSpaceSize                 = 335544320                                 {product} {ergonomic}
     uint ConcGCThreads                            = 4                                         {product} {ergonomic}
     uint G1ConcRefinementThreads                  = 14                                        {product} {ergonomic}
   size_t G1HeapRegionSize                         = 1048576                                   {product} {ergonomic}
     bool HeapDumpOnOutOfMemoryError               = true                                   {manageable} {command line}
   size_t InitialHeapSize                          = 268435456                                 {product} {command line}
   size_t MarkStackSize                            = 4194304                                   {product} {ergonomic}
   size_t MarkStackSizeMax                         = 536870912                                 {product} {ergonomic}
   size_t MaxHeapSize                              = 536870912                                 {product} {command line}
   size_t MaxMetaspaceSize                         = 402653184                                 {product} {command line}
   size_t MaxNewSize                               = 321912832                                 {product} {ergonomic}
   size_t MinHeapDeltaBytes                        = 1048576                                   {product} {ergonomic}
   size_t MinHeapSize                              = 268435456                                 {product} {command line}
    uintx NonNMethodCodeHeapSize                   = 7602176                                {pd product} {ergonomic}
    uintx NonProfiledCodeHeapSize                  = 122093568                              {pd product} {ergonomic}
    uintx ProfiledCodeHeapSize                     = 121962496                              {pd product} {ergonomic}
    uintx ReservedCodeCacheSize                    = 251658240                              {pd product} {ergonomic}
     bool SegmentedCodeCache                       = true                                      {product} {ergonomic}
   size_t SoftMaxHeapSize                          = 536870912                              {manageable} {ergonomic}
     bool UseCompressedOops                        = true                           {product lp64_product} {ergonomic}
     bool UseG1GC                                  = true                                      {product} {ergonomic}
     bool UseLargePagesIndividualAllocation        = false                                  {pd product} {ergonomic}

Logging:
Log output configuration:
 #0: stdout all=warning uptime,level,tags foldmultilines=false
 #1: stderr all=off uptime,level,tags foldmultilines=false

Release file:
IMPLEMENTOR="Oracle Corporation" 
JAVA_RUNTIME_VERSION="25+36-3489" 
JAVA_VERSION="25" 
JAVA_VERSION_DATE="2025-09-16" 
LIBC="default" 
MODULES="java.base java.compiler java.datatransfer java.xml java.prefs java.desktop java.instrument java.logging java.management java.security.sasl java.naming java.rmi java.management.rmi java.net.http java.scripting java.security.jgss java.transaction.xa java.sql java.sql.rowset java.xml.crypto java.se java.smartcardio jdk.accessibility jdk.internal.jvmstat jdk.attach jdk.charsets jdk.internal.opt jdk.zipfs jdk.compiler jdk.crypto.cryptoki jdk.crypto.ec jdk.crypto.mscapi jdk.dynalink jdk.internal.ed jdk.editpad jdk.internal.vm.ci jdk.graal.compiler jdk.graal.compiler.management jdk.hotspot.agent jdk.httpserver jdk.incubator.vector jdk.internal.le jdk.internal.md jdk.jartool jdk.javadoc jdk.jcmd jdk.management jdk.management.agent jdk.jconsole jdk.jdeps jdk.jdwp.agent jdk.jdi jdk.jfr jdk.jlink jdk.jpackage jdk.jshell jdk.jsobject jdk.jstatd jdk.localedata jdk.management.jfr jdk.naming.dns jdk.naming.rmi jdk.net jdk.nio.mapmode jdk.sctp jdk.security.auth jdk.security.jgss jdk.unsupported jdk.unsupported.desktop jdk.xml.dom" 
OS_ARCH="x86_64" 
OS_NAME="Windows" 
SOURCE=".:git:6c48f4ed707b" 

Environment Variables:
PATH=C:\Program Files\Eclipse Adoptium\jdk-25.0.0.36-hotspot\bin;C:\Windows\System32\HWAudioDriver;C:\Windows\system32;C:\Windows;C:\Windows\System32\Wbem;C:\Windows\System32\WindowsPowerShell\v1.0\;C:\Windows\System32\OpenSSH\;C:\Users\Administrator\AppData\Local\Microsoft\WindowsApps;C:\Program Files\Git\cmd;C:\Users\pauet\scoop\shims;C:\Users\pauet\AppData\Local\Microsoft\WindowsApps;C:\Users\pauet\AppData\Local\Programs\Microsoft VS Code\bin;C:\Users\pauet\AppData\Local\gitkraken\bin
USERNAME=Pau
OS=Windows_NT
PROCESSOR_IDENTIFIER=Intel64 Family 6 Model 170 Stepping 4, GenuineIntel
TMP=C:\Users\pauet\AppData\Local\Temp
TEMP=C:\Users\pauet\AppData\Local\Temp




Compilation memory statistics disabled.

Periodic native trim disabled

---------------  S Y S T E M  ---------------

OS:
 Windows 11 , 64 bit Build 26100 (10.0.26100.7309)
OS uptime: 5 days 22:18 hours
Hyper-V role detected

CPU: total 18 (initial active 18) (9 cores per cpu, 2 threads per core) family 6 model 170 stepping 4 microcode 0x1c, cx8, cmov, fxsr, ht, mmx, 3dnowpref, sse, sse2, sse3, ssse3, sse4.1, sse4.2, popcnt, lzcnt, tsc, tscinvbit, avx, avx2, aes, erms, clmul, bmi1, bmi2, adx, sha, fma, vzeroupper, clflush, clflushopt, clwb, hv, serialize, rdtscp, rdpid, fsrm, gfni, f16c, cet_ibt, cet_ss
Processor Information for processor 0
  Max Mhz: 1200, Current Mhz: 1200, Mhz Limit: 1200
Processor Information for processor 1
  Max Mhz: 1200, Current Mhz: 1200, Mhz Limit: 1200
Processor Information for processor 2
  Max Mhz: 3600, Current Mhz: 700, Mhz Limit: 684
Processor Information for processor 3
  Max Mhz: 3600, Current Mhz: 700, Mhz Limit: 684
Processor Information for processor 4
  Max Mhz: 3600, Current Mhz: 700, Mhz Limit: 684
Processor Information for processor 5
  Max Mhz: 3600, Current Mhz: 700, Mhz Limit: 684
Processor Information for processor 6
  Max Mhz: 3600, Current Mhz: 700, Mhz Limit: 684
Processor Information for processor 7
  Max Mhz: 3600, Current Mhz: 700, Mhz Limit: 684
Processor Information for processor 8
  Max Mhz: 3600, Current Mhz: 700, Mhz Limit: 684
Processor Information for processor 9
  Max Mhz: 3600, Current Mhz: 700, Mhz Limit: 684
Processor Information for processor 10
  Max Mhz: 1200, Current Mhz: 1200, Mhz Limit: 1200
Processor Information for processor 11
  Max Mhz: 1200, Current Mhz: 1200, Mhz Limit: 1200
Processor Information for processor 12
  Max Mhz: 1200, Current Mhz: 1200, Mhz Limit: 1200
Processor Information for processor 13
  Max Mhz: 1200, Current Mhz: 1200, Mhz Limit: 1200
Processor Information for processor 14
  Max Mhz: 1200, Current Mhz: 1200, Mhz Limit: 1200
Processor Information for processor 15
  Max Mhz: 1200, Current Mhz: 1200, Mhz Limit: 1200
Processor Information for processor 16
  Max Mhz: 2500, Current Mhz: 700, Mhz Limit: 700
Processor Information for processor 17
  Max Mhz: 2500, Current Mhz: 700, Mhz Limit: 700

Memory: 4k page, system-wide physical 15894M (1254M free)
TotalPageFile size 41494M (AvailPageFile size 11M)
current process WorkingSet (physical memory assigned to process): 263M, peak: 263M
current process commit charge ("private bytes"): 450M, peak: 457M

vm_info: OpenJDK 64-Bit Server VM (25+36-3489) for windows-amd64 JRE (25+36-3489), built on 2025-08-12T17:19:28Z with unknown MS VC++:1943

END.
